{"timestamp":"2025-11-07T18:44:05.180531Z","level":"info","event":"DAG bundles loaded: dags-folder, example_dags","logger":"airflow.dag_processing.bundles.manager.DagBundlesManager","filename":"manager.py","lineno":179}
{"timestamp":"2025-11-07T18:44:05.181277Z","level":"info","event":"Filling up the DagBag from /opt/airflow/dags/my_article_pipeline.py","logger":"airflow.models.dagbag.DagBag","filename":"dagbag.py","lineno":593}
{"timestamp":"2025-11-07T18:44:05.221481Z","level":"info","event":"Task instance is in running state","logger":"task.stdout"}
{"timestamp":"2025-11-07T18:44:05.222725Z","level":"info","event":" Previous state of the Task instance: TaskInstanceState.QUEUED","logger":"task.stdout"}
{"timestamp":"2025-11-07T18:44:05.226885Z","level":"info","event":"Current task name:run_docker_compose_etl","logger":"task.stdout"}
{"timestamp":"2025-11-07T18:44:05.227292Z","level":"info","event":"Dag name:my_article_pipeline","logger":"task.stdout"}
{"timestamp":"2025-11-07T18:44:05.222304Z","level":"info","event":"Tmp dir root location: /tmp","logger":"airflow.task.hooks.airflow.providers.standard.hooks.subprocess.SubprocessHook","filename":"subprocess.py","lineno":78}
{"timestamp":"2025-11-07T18:44:05.222650Z","level":"info","event":"Running command: ['/usr/bin/bash', '-c', 'docker compose up -d --build && docker compose ps']","logger":"airflow.task.hooks.airflow.providers.standard.hooks.subprocess.SubprocessHook","filename":"subprocess.py","lineno":88}
{"timestamp":"2025-11-07T18:44:05.232225Z","level":"info","event":"Output:","logger":"airflow.task.hooks.airflow.providers.standard.hooks.subprocess.SubprocessHook","filename":"subprocess.py","lineno":99}
{"timestamp":"2025-11-07T18:44:05.418251Z","level":"info","event":"time=\"2025-11-07T18:44:05Z\" level=warning msg=\"Docker Compose is configured to build using Bake, but buildx isn't installed\"","logger":"airflow.task.hooks.airflow.providers.standard.hooks.subprocess.SubprocessHook","filename":"subprocess.py","lineno":106}
{"timestamp":"2025-11-07T18:44:05.802798Z","level":"info","event":"#0 building with \"default\" instance using docker driver","logger":"airflow.task.hooks.airflow.providers.standard.hooks.subprocess.SubprocessHook","filename":"subprocess.py","lineno":106}
{"timestamp":"2025-11-07T18:44:05.802931Z","level":"info","event":"","logger":"airflow.task.hooks.airflow.providers.standard.hooks.subprocess.SubprocessHook","filename":"subprocess.py","lineno":106}
{"timestamp":"2025-11-07T18:44:05.802964Z","level":"info","event":"#1 [app internal] load build definition from Dockerfile","logger":"airflow.task.hooks.airflow.providers.standard.hooks.subprocess.SubprocessHook","filename":"subprocess.py","lineno":106}
{"timestamp":"2025-11-07T18:44:05.802989Z","level":"info","event":"#1 transferring dockerfile: 439B 0.0s done","logger":"airflow.task.hooks.airflow.providers.standard.hooks.subprocess.SubprocessHook","filename":"subprocess.py","lineno":106}
{"timestamp":"2025-11-07T18:44:05.803025Z","level":"info","event":"#1 DONE 0.0s","logger":"airflow.task.hooks.airflow.providers.standard.hooks.subprocess.SubprocessHook","filename":"subprocess.py","lineno":106}
{"timestamp":"2025-11-07T18:44:05.803044Z","level":"info","event":"","logger":"airflow.task.hooks.airflow.providers.standard.hooks.subprocess.SubprocessHook","filename":"subprocess.py","lineno":106}
{"timestamp":"2025-11-07T18:44:05.803060Z","level":"info","event":"#2 [app internal] load metadata for docker.io/library/python:3.11-slim","logger":"airflow.task.hooks.airflow.providers.standard.hooks.subprocess.SubprocessHook","filename":"subprocess.py","lineno":106}
{"timestamp":"2025-11-07T18:44:07.265376Z","level":"info","event":"#2 DONE 1.6s","logger":"airflow.task.hooks.airflow.providers.standard.hooks.subprocess.SubprocessHook","filename":"subprocess.py","lineno":106}
{"timestamp":"2025-11-07T18:44:07.480933Z","level":"info","event":"","logger":"airflow.task.hooks.airflow.providers.standard.hooks.subprocess.SubprocessHook","filename":"subprocess.py","lineno":106}
{"timestamp":"2025-11-07T18:44:07.481146Z","level":"info","event":"#3 [app internal] load .dockerignore","logger":"airflow.task.hooks.airflow.providers.standard.hooks.subprocess.SubprocessHook","filename":"subprocess.py","lineno":106}
{"timestamp":"2025-11-07T18:44:07.481198Z","level":"info","event":"#3 transferring context: 2B done","logger":"airflow.task.hooks.airflow.providers.standard.hooks.subprocess.SubprocessHook","filename":"subprocess.py","lineno":106}
{"timestamp":"2025-11-07T18:44:07.481251Z","level":"info","event":"#3 DONE 0.0s","logger":"airflow.task.hooks.airflow.providers.standard.hooks.subprocess.SubprocessHook","filename":"subprocess.py","lineno":106}
{"timestamp":"2025-11-07T18:44:07.481274Z","level":"info","event":"","logger":"airflow.task.hooks.airflow.providers.standard.hooks.subprocess.SubprocessHook","filename":"subprocess.py","lineno":106}
{"timestamp":"2025-11-07T18:44:07.481293Z","level":"info","event":"#4 [app internal] load build context","logger":"airflow.task.hooks.airflow.providers.standard.hooks.subprocess.SubprocessHook","filename":"subprocess.py","lineno":106}
{"timestamp":"2025-11-07T18:44:07.481322Z","level":"info","event":"#4 transferring context: 3.94kB done","logger":"airflow.task.hooks.airflow.providers.standard.hooks.subprocess.SubprocessHook","filename":"subprocess.py","lineno":106}
{"timestamp":"2025-11-07T18:44:07.481352Z","level":"info","event":"#4 DONE 0.0s","logger":"airflow.task.hooks.airflow.providers.standard.hooks.subprocess.SubprocessHook","filename":"subprocess.py","lineno":106}
{"timestamp":"2025-11-07T18:44:07.481370Z","level":"info","event":"","logger":"airflow.task.hooks.airflow.providers.standard.hooks.subprocess.SubprocessHook","filename":"subprocess.py","lineno":106}
{"timestamp":"2025-11-07T18:44:07.481418Z","level":"info","event":"#5 [app 1/5] FROM docker.io/library/python:3.11-slim@sha256:fa9b525a0be0c5ae5e6f2209f4be6fdc5a15a36fed0222144d98ac0d08f876d4","logger":"airflow.task.hooks.airflow.providers.standard.hooks.subprocess.SubprocessHook","filename":"subprocess.py","lineno":106}
{"timestamp":"2025-11-07T18:44:07.481448Z","level":"info","event":"#5 resolve docker.io/library/python:3.11-slim@sha256:fa9b525a0be0c5ae5e6f2209f4be6fdc5a15a36fed0222144d98ac0d08f876d4 0.0s done","logger":"airflow.task.hooks.airflow.providers.standard.hooks.subprocess.SubprocessHook","filename":"subprocess.py","lineno":106}
{"timestamp":"2025-11-07T18:44:07.494159Z","level":"info","event":"#5 sha256:c318c623f71690dfe89caa29d2f7ab5cc4adbc3a11b5e42c8eede49516ed721d 0B / 248B 0.2s","logger":"airflow.task.hooks.airflow.providers.standard.hooks.subprocess.SubprocessHook","filename":"subprocess.py","lineno":106}
{"timestamp":"2025-11-07T18:44:07.494363Z","level":"info","event":"#5 sha256:e6303e21d64b9e80197b44e27731d6d0898a31e447dfd8910ae8e62d835ffc9e 0B / 14.31MB 0.2s","logger":"airflow.task.hooks.airflow.providers.standard.hooks.subprocess.SubprocessHook","filename":"subprocess.py","lineno":106}
{"timestamp":"2025-11-07T18:44:07.640023Z","level":"info","event":"#5 sha256:c318c623f71690dfe89caa29d2f7ab5cc4adbc3a11b5e42c8eede49516ed721d 248B / 248B 0.3s done","logger":"airflow.task.hooks.airflow.providers.standard.hooks.subprocess.SubprocessHook","filename":"subprocess.py","lineno":106}
{"timestamp":"2025-11-07T18:44:07.640126Z","level":"info","event":"#5 sha256:8e8ea7735c83f82e69e5b70f8a34ee72969666d6434d9c442a8680e9a5aa0167 0B / 1.27MB 0.2s","logger":"airflow.task.hooks.airflow.providers.standard.hooks.subprocess.SubprocessHook","filename":"subprocess.py","lineno":106}
{"timestamp":"2025-11-07T18:44:07.640148Z","level":"info","event":"#5 sha256:51365f04b68881c6fd3d04aa38cdb689fdee6efba2aa6afcf2da5385022cf475 0B / 30.14MB 0.2s","logger":"airflow.task.hooks.airflow.providers.standard.hooks.subprocess.SubprocessHook","filename":"subprocess.py","lineno":106}
{"timestamp":"2025-11-07T18:44:07.939061Z","level":"info","event":"#5 sha256:e6303e21d64b9e80197b44e27731d6d0898a31e447dfd8910ae8e62d835ffc9e 1.05MB / 14.31MB 0.6s","logger":"airflow.task.hooks.airflow.providers.standard.hooks.subprocess.SubprocessHook","filename":"subprocess.py","lineno":106}
{"timestamp":"2025-11-07T18:44:08.240241Z","level":"info","event":"#5 sha256:e6303e21d64b9e80197b44e27731d6d0898a31e447dfd8910ae8e62d835ffc9e 2.10MB / 14.31MB 0.9s","logger":"airflow.task.hooks.airflow.providers.standard.hooks.subprocess.SubprocessHook","filename":"subprocess.py","lineno":106}
{"timestamp":"2025-11-07T18:44:08.541062Z","level":"info","event":"#5 sha256:e6303e21d64b9e80197b44e27731d6d0898a31e447dfd8910ae8e62d835ffc9e 4.19MB / 14.31MB 1.2s","logger":"airflow.task.hooks.airflow.providers.standard.hooks.subprocess.SubprocessHook","filename":"subprocess.py","lineno":106}
{"timestamp":"2025-11-07T18:44:08.691926Z","level":"info","event":"#5 sha256:e6303e21d64b9e80197b44e27731d6d0898a31e447dfd8910ae8e62d835ffc9e 5.24MB / 14.31MB 1.4s","logger":"airflow.task.hooks.airflow.providers.standard.hooks.subprocess.SubprocessHook","filename":"subprocess.py","lineno":106}
{"timestamp":"2025-11-07T18:44:08.990087Z","level":"info","event":"#5 sha256:e6303e21d64b9e80197b44e27731d6d0898a31e447dfd8910ae8e62d835ffc9e 6.29MB / 14.31MB 1.7s","logger":"airflow.task.hooks.airflow.providers.standard.hooks.subprocess.SubprocessHook","filename":"subprocess.py","lineno":106}
{"timestamp":"2025-11-07T18:44:08.990215Z","level":"info","event":"#5 sha256:51365f04b68881c6fd3d04aa38cdb689fdee6efba2aa6afcf2da5385022cf475 2.10MB / 30.14MB 1.5s","logger":"airflow.task.hooks.airflow.providers.standard.hooks.subprocess.SubprocessHook","filename":"subprocess.py","lineno":106}
{"timestamp":"2025-11-07T18:44:09.139816Z","level":"info","event":"#5 sha256:e6303e21d64b9e80197b44e27731d6d0898a31e447dfd8910ae8e62d835ffc9e 7.34MB / 14.31MB 1.8s","logger":"airflow.task.hooks.airflow.providers.standard.hooks.subprocess.SubprocessHook","filename":"subprocess.py","lineno":106}
{"timestamp":"2025-11-07T18:44:09.439280Z","level":"info","event":"#5 sha256:e6303e21d64b9e80197b44e27731d6d0898a31e447dfd8910ae8e62d835ffc9e 8.39MB / 14.31MB 2.1s","logger":"airflow.task.hooks.airflow.providers.standard.hooks.subprocess.SubprocessHook","filename":"subprocess.py","lineno":106}
{"timestamp":"2025-11-07T18:44:09.439455Z","level":"info","event":"#5 sha256:8e8ea7735c83f82e69e5b70f8a34ee72969666d6434d9c442a8680e9a5aa0167 1.05MB / 1.27MB 2.0s","logger":"airflow.task.hooks.airflow.providers.standard.hooks.subprocess.SubprocessHook","filename":"subprocess.py","lineno":106}
{"timestamp":"2025-11-07T18:44:09.589926Z","level":"info","event":"#5 sha256:e6303e21d64b9e80197b44e27731d6d0898a31e447dfd8910ae8e62d835ffc9e 9.44MB / 14.31MB 2.3s","logger":"airflow.task.hooks.airflow.providers.standard.hooks.subprocess.SubprocessHook","filename":"subprocess.py","lineno":106}
{"timestamp":"2025-11-07T18:44:09.590072Z","level":"info","event":"#5 sha256:8e8ea7735c83f82e69e5b70f8a34ee72969666d6434d9c442a8680e9a5aa0167 1.27MB / 1.27MB 2.2s done","logger":"airflow.task.hooks.airflow.providers.standard.hooks.subprocess.SubprocessHook","filename":"subprocess.py","lineno":106}
{"timestamp":"2025-11-07T18:44:09.590126Z","level":"info","event":"#5 sha256:51365f04b68881c6fd3d04aa38cdb689fdee6efba2aa6afcf2da5385022cf475 4.19MB / 30.14MB 2.1s","logger":"airflow.task.hooks.airflow.providers.standard.hooks.subprocess.SubprocessHook","filename":"subprocess.py","lineno":106}
{"timestamp":"2025-11-07T18:44:09.889384Z","level":"info","event":"#5 sha256:e6303e21d64b9e80197b44e27731d6d0898a31e447dfd8910ae8e62d835ffc9e 10.49MB / 14.31MB 2.6s","logger":"airflow.task.hooks.airflow.providers.standard.hooks.subprocess.SubprocessHook","filename":"subprocess.py","lineno":106}
{"timestamp":"2025-11-07T18:44:10.039295Z","level":"info","event":"#5 sha256:e6303e21d64b9e80197b44e27731d6d0898a31e447dfd8910ae8e62d835ffc9e 11.53MB / 14.31MB 2.7s","logger":"airflow.task.hooks.airflow.providers.standard.hooks.subprocess.SubprocessHook","filename":"subprocess.py","lineno":106}
{"timestamp":"2025-11-07T18:44:10.190963Z","level":"info","event":"#5 sha256:51365f04b68881c6fd3d04aa38cdb689fdee6efba2aa6afcf2da5385022cf475 6.29MB / 30.14MB 2.7s","logger":"airflow.task.hooks.airflow.providers.standard.hooks.subprocess.SubprocessHook","filename":"subprocess.py","lineno":106}
{"timestamp":"2025-11-07T18:44:10.339872Z","level":"info","event":"#5 sha256:e6303e21d64b9e80197b44e27731d6d0898a31e447dfd8910ae8e62d835ffc9e 12.58MB / 14.31MB 3.0s","logger":"airflow.task.hooks.airflow.providers.standard.hooks.subprocess.SubprocessHook","filename":"subprocess.py","lineno":106}
{"timestamp":"2025-11-07T18:44:10.489942Z","level":"info","event":"#5 sha256:e6303e21d64b9e80197b44e27731d6d0898a31e447dfd8910ae8e62d835ffc9e 13.63MB / 14.31MB 3.2s","logger":"airflow.task.hooks.airflow.providers.standard.hooks.subprocess.SubprocessHook","filename":"subprocess.py","lineno":106}
{"timestamp":"2025-11-07T18:44:10.645856Z","level":"info","event":"#5 sha256:e6303e21d64b9e80197b44e27731d6d0898a31e447dfd8910ae8e62d835ffc9e 14.31MB / 14.31MB 3.2s done","logger":"airflow.task.hooks.airflow.providers.standard.hooks.subprocess.SubprocessHook","filename":"subprocess.py","lineno":106}
{"timestamp":"2025-11-07T18:44:10.646010Z","level":"info","event":"#5 sha256:51365f04b68881c6fd3d04aa38cdb689fdee6efba2aa6afcf2da5385022cf475 8.39MB / 30.14MB 3.3s","logger":"airflow.task.hooks.airflow.providers.standard.hooks.subprocess.SubprocessHook","filename":"subprocess.py","lineno":106}
{"timestamp":"2025-11-07T18:44:10.946158Z","level":"info","event":"#5 sha256:51365f04b68881c6fd3d04aa38cdb689fdee6efba2aa6afcf2da5385022cf475 10.49MB / 30.14MB 3.6s","logger":"airflow.task.hooks.airflow.providers.standard.hooks.subprocess.SubprocessHook","filename":"subprocess.py","lineno":106}
{"timestamp":"2025-11-07T18:44:11.246732Z","level":"info","event":"#5 sha256:51365f04b68881c6fd3d04aa38cdb689fdee6efba2aa6afcf2da5385022cf475 12.58MB / 30.14MB 3.9s","logger":"airflow.task.hooks.airflow.providers.standard.hooks.subprocess.SubprocessHook","filename":"subprocess.py","lineno":106}
{"timestamp":"2025-11-07T18:44:11.546407Z","level":"info","event":"#5 sha256:51365f04b68881c6fd3d04aa38cdb689fdee6efba2aa6afcf2da5385022cf475 15.73MB / 30.14MB 4.2s","logger":"airflow.task.hooks.airflow.providers.standard.hooks.subprocess.SubprocessHook","filename":"subprocess.py","lineno":106}
{"timestamp":"2025-11-07T18:44:11.846809Z","level":"info","event":"#5 sha256:51365f04b68881c6fd3d04aa38cdb689fdee6efba2aa6afcf2da5385022cf475 17.83MB / 30.14MB 4.5s","logger":"airflow.task.hooks.airflow.providers.standard.hooks.subprocess.SubprocessHook","filename":"subprocess.py","lineno":106}
{"timestamp":"2025-11-07T18:44:12.146158Z","level":"info","event":"#5 sha256:51365f04b68881c6fd3d04aa38cdb689fdee6efba2aa6afcf2da5385022cf475 19.92MB / 30.14MB 4.8s","logger":"airflow.task.hooks.airflow.providers.standard.hooks.subprocess.SubprocessHook","filename":"subprocess.py","lineno":106}
{"timestamp":"2025-11-07T18:44:12.296521Z","level":"info","event":"#5 sha256:51365f04b68881c6fd3d04aa38cdb689fdee6efba2aa6afcf2da5385022cf475 22.02MB / 30.14MB 5.0s","logger":"airflow.task.hooks.airflow.providers.standard.hooks.subprocess.SubprocessHook","filename":"subprocess.py","lineno":106}
{"timestamp":"2025-11-07T18:44:12.598573Z","level":"info","event":"#5 sha256:51365f04b68881c6fd3d04aa38cdb689fdee6efba2aa6afcf2da5385022cf475 24.12MB / 30.14MB 5.3s","logger":"airflow.task.hooks.airflow.providers.standard.hooks.subprocess.SubprocessHook","filename":"subprocess.py","lineno":106}
{"timestamp":"2025-11-07T18:44:12.896488Z","level":"info","event":"#5 sha256:51365f04b68881c6fd3d04aa38cdb689fdee6efba2aa6afcf2da5385022cf475 27.26MB / 30.14MB 5.6s","logger":"airflow.task.hooks.airflow.providers.standard.hooks.subprocess.SubprocessHook","filename":"subprocess.py","lineno":106}
{"timestamp":"2025-11-07T18:44:13.196531Z","level":"info","event":"#5 sha256:51365f04b68881c6fd3d04aa38cdb689fdee6efba2aa6afcf2da5385022cf475 29.36MB / 30.14MB 5.9s","logger":"airflow.task.hooks.airflow.providers.standard.hooks.subprocess.SubprocessHook","filename":"subprocess.py","lineno":106}
{"timestamp":"2025-11-07T18:44:13.397152Z","level":"info","event":"#5 sha256:51365f04b68881c6fd3d04aa38cdb689fdee6efba2aa6afcf2da5385022cf475 30.14MB / 30.14MB 5.9s done","logger":"airflow.task.hooks.airflow.providers.standard.hooks.subprocess.SubprocessHook","filename":"subprocess.py","lineno":106}
{"timestamp":"2025-11-07T18:44:13.397340Z","level":"info","event":"#5 extracting sha256:51365f04b68881c6fd3d04aa38cdb689fdee6efba2aa6afcf2da5385022cf475","logger":"airflow.task.hooks.airflow.providers.standard.hooks.subprocess.SubprocessHook","filename":"subprocess.py","lineno":106}
{"timestamp":"2025-11-07T18:44:13.873250Z","level":"info","event":"#5 extracting sha256:51365f04b68881c6fd3d04aa38cdb689fdee6efba2aa6afcf2da5385022cf475 0.6s done","logger":"airflow.task.hooks.airflow.providers.standard.hooks.subprocess.SubprocessHook","filename":"subprocess.py","lineno":106}
{"timestamp":"2025-11-07T18:44:13.873413Z","level":"info","event":"#5 DONE 6.6s","logger":"airflow.task.hooks.airflow.providers.standard.hooks.subprocess.SubprocessHook","filename":"subprocess.py","lineno":106}
{"timestamp":"2025-11-07T18:44:14.093463Z","level":"info","event":"","logger":"airflow.task.hooks.airflow.providers.standard.hooks.subprocess.SubprocessHook","filename":"subprocess.py","lineno":106}
{"timestamp":"2025-11-07T18:44:14.093679Z","level":"info","event":"#5 [app 1/5] FROM docker.io/library/python:3.11-slim@sha256:fa9b525a0be0c5ae5e6f2209f4be6fdc5a15a36fed0222144d98ac0d08f876d4","logger":"airflow.task.hooks.airflow.providers.standard.hooks.subprocess.SubprocessHook","filename":"subprocess.py","lineno":106}
{"timestamp":"2025-11-07T18:44:14.093753Z","level":"info","event":"#5 extracting sha256:8e8ea7735c83f82e69e5b70f8a34ee72969666d6434d9c442a8680e9a5aa0167 0.1s done","logger":"airflow.task.hooks.airflow.providers.standard.hooks.subprocess.SubprocessHook","filename":"subprocess.py","lineno":106}
{"timestamp":"2025-11-07T18:44:14.093810Z","level":"info","event":"#5 extracting sha256:e6303e21d64b9e80197b44e27731d6d0898a31e447dfd8910ae8e62d835ffc9e","logger":"airflow.task.hooks.airflow.providers.standard.hooks.subprocess.SubprocessHook","filename":"subprocess.py","lineno":106}
{"timestamp":"2025-11-07T18:44:14.293492Z","level":"info","event":"#5 extracting sha256:e6303e21d64b9e80197b44e27731d6d0898a31e447dfd8910ae8e62d835ffc9e 0.4s done","logger":"airflow.task.hooks.airflow.providers.standard.hooks.subprocess.SubprocessHook","filename":"subprocess.py","lineno":106}
{"timestamp":"2025-11-07T18:44:14.293693Z","level":"info","event":"#5 DONE 7.0s","logger":"airflow.task.hooks.airflow.providers.standard.hooks.subprocess.SubprocessHook","filename":"subprocess.py","lineno":106}
{"timestamp":"2025-11-07T18:44:14.453289Z","level":"info","event":"","logger":"airflow.task.hooks.airflow.providers.standard.hooks.subprocess.SubprocessHook","filename":"subprocess.py","lineno":106}
{"timestamp":"2025-11-07T18:44:14.453495Z","level":"info","event":"#5 [app 1/5] FROM docker.io/library/python:3.11-slim@sha256:fa9b525a0be0c5ae5e6f2209f4be6fdc5a15a36fed0222144d98ac0d08f876d4","logger":"airflow.task.hooks.airflow.providers.standard.hooks.subprocess.SubprocessHook","filename":"subprocess.py","lineno":106}
{"timestamp":"2025-11-07T18:44:14.453571Z","level":"info","event":"#5 extracting sha256:c318c623f71690dfe89caa29d2f7ab5cc4adbc3a11b5e42c8eede49516ed721d done","logger":"airflow.task.hooks.airflow.providers.standard.hooks.subprocess.SubprocessHook","filename":"subprocess.py","lineno":106}
{"timestamp":"2025-11-07T18:44:14.453662Z","level":"info","event":"#5 DONE 7.0s","logger":"airflow.task.hooks.airflow.providers.standard.hooks.subprocess.SubprocessHook","filename":"subprocess.py","lineno":106}
{"timestamp":"2025-11-07T18:44:14.453736Z","level":"info","event":"","logger":"airflow.task.hooks.airflow.providers.standard.hooks.subprocess.SubprocessHook","filename":"subprocess.py","lineno":106}
{"timestamp":"2025-11-07T18:44:14.453864Z","level":"info","event":"#6 [app 2/5] WORKDIR /app","logger":"airflow.task.hooks.airflow.providers.standard.hooks.subprocess.SubprocessHook","filename":"subprocess.py","lineno":106}
{"timestamp":"2025-11-07T18:44:14.539224Z","level":"info","event":"#6 DONE 0.2s","logger":"airflow.task.hooks.airflow.providers.standard.hooks.subprocess.SubprocessHook","filename":"subprocess.py","lineno":106}
{"timestamp":"2025-11-07T18:44:14.707865Z","level":"info","event":"","logger":"airflow.task.hooks.airflow.providers.standard.hooks.subprocess.SubprocessHook","filename":"subprocess.py","lineno":106}
{"timestamp":"2025-11-07T18:44:14.708018Z","level":"info","event":"#7 [app 3/5] COPY requirements.txt .","logger":"airflow.task.hooks.airflow.providers.standard.hooks.subprocess.SubprocessHook","filename":"subprocess.py","lineno":106}
{"timestamp":"2025-11-07T18:44:14.708059Z","level":"info","event":"#7 DONE 0.0s","logger":"airflow.task.hooks.airflow.providers.standard.hooks.subprocess.SubprocessHook","filename":"subprocess.py","lineno":106}
{"timestamp":"2025-11-07T18:44:14.708082Z","level":"info","event":"","logger":"airflow.task.hooks.airflow.providers.standard.hooks.subprocess.SubprocessHook","filename":"subprocess.py","lineno":106}
{"timestamp":"2025-11-07T18:44:14.708102Z","level":"info","event":"#8 [app 4/5] RUN pip install -r requirements.txt","logger":"airflow.task.hooks.airflow.providers.standard.hooks.subprocess.SubprocessHook","filename":"subprocess.py","lineno":106}
{"timestamp":"2025-11-07T18:44:16.153075Z","level":"info","event":"#8 1.595 Collecting certifi==2025.10.5 (from -r requirements.txt (line 1))","logger":"airflow.task.hooks.airflow.providers.standard.hooks.subprocess.SubprocessHook","filename":"subprocess.py","lineno":106}
{"timestamp":"2025-11-07T18:44:16.376982Z","level":"info","event":"#8 1.685   Downloading certifi-2025.10.5-py3-none-any.whl.metadata (2.5 kB)","logger":"airflow.task.hooks.airflow.providers.standard.hooks.subprocess.SubprocessHook","filename":"subprocess.py","lineno":106}
{"timestamp":"2025-11-07T18:44:16.377127Z","level":"info","event":"#8 1.819 Collecting charset-normalizer==3.4.4 (from -r requirements.txt (line 2))","logger":"airflow.task.hooks.airflow.providers.standard.hooks.subprocess.SubprocessHook","filename":"subprocess.py","lineno":106}
{"timestamp":"2025-11-07T18:44:16.616799Z","level":"info","event":"#8 1.839   Downloading charset_normalizer-3.4.4-cp311-cp311-manylinux2014_aarch64.manylinux_2_17_aarch64.manylinux_2_28_aarch64.whl.metadata (37 kB)","logger":"airflow.task.hooks.airflow.providers.standard.hooks.subprocess.SubprocessHook","filename":"subprocess.py","lineno":106}
{"timestamp":"2025-11-07T18:44:16.616990Z","level":"info","event":"#8 1.883 Collecting idna==3.11 (from -r requirements.txt (line 3))","logger":"airflow.task.hooks.airflow.providers.standard.hooks.subprocess.SubprocessHook","filename":"subprocess.py","lineno":106}
{"timestamp":"2025-11-07T18:44:16.617030Z","level":"info","event":"#8 1.904   Downloading idna-3.11-py3-none-any.whl.metadata (8.4 kB)","logger":"airflow.task.hooks.airflow.providers.standard.hooks.subprocess.SubprocessHook","filename":"subprocess.py","lineno":106}
{"timestamp":"2025-11-07T18:44:16.654897Z","level":"info","event":"#8 2.097 Collecting numpy==2.3.4 (from -r requirements.txt (line 4))","logger":"airflow.task.hooks.airflow.providers.standard.hooks.subprocess.SubprocessHook","filename":"subprocess.py","lineno":106}
{"timestamp":"2025-11-07T18:44:16.837421Z","level":"info","event":"#8 2.118   Downloading numpy-2.3.4-cp311-cp311-manylinux_2_27_aarch64.manylinux_2_28_aarch64.whl.metadata (62 kB)","logger":"airflow.task.hooks.airflow.providers.standard.hooks.subprocess.SubprocessHook","filename":"subprocess.py","lineno":106}
{"timestamp":"2025-11-07T18:44:16.837627Z","level":"info","event":"#8 2.129      ━━━━━━━━━━━━━━━━━━━━━━━━━━━━━━━━━━━━━━━━ 62.1/62.1 kB 6.1 MB/s eta 0:00:00","logger":"airflow.task.hooks.airflow.providers.standard.hooks.subprocess.SubprocessHook","filename":"subprocess.py","lineno":106}
{"timestamp":"2025-11-07T18:44:16.843847Z","level":"info","event":"#8 2.286 Collecting pandas==2.3.3 (from -r requirements.txt (line 5))","logger":"airflow.task.hooks.airflow.providers.standard.hooks.subprocess.SubprocessHook","filename":"subprocess.py","lineno":106}
{"timestamp":"2025-11-07T18:44:16.960832Z","level":"info","event":"#8 2.310   Downloading pandas-2.3.3-cp311-cp311-manylinux_2_24_aarch64.manylinux_2_28_aarch64.whl.metadata (91 kB)","logger":"airflow.task.hooks.airflow.providers.standard.hooks.subprocess.SubprocessHook","filename":"subprocess.py","lineno":106}
{"timestamp":"2025-11-07T18:44:16.960958Z","level":"info","event":"#8 2.324      ━━━━━━━━━━━━━━━━━━━━━━━━━━━━━━━━━━━━━━━━ 91.2/91.2 kB 7.2 MB/s eta 0:00:00","logger":"airflow.task.hooks.airflow.providers.standard.hooks.subprocess.SubprocessHook","filename":"subprocess.py","lineno":106}
{"timestamp":"2025-11-07T18:44:16.960981Z","level":"info","event":"#8 2.403 Collecting psycopg2-binary==2.9.11 (from -r requirements.txt (line 6))","logger":"airflow.task.hooks.airflow.providers.standard.hooks.subprocess.SubprocessHook","filename":"subprocess.py","lineno":106}
{"timestamp":"2025-11-07T18:44:17.097989Z","level":"info","event":"#8 2.422   Downloading psycopg2_binary-2.9.11-cp311-cp311-manylinux2014_aarch64.manylinux_2_17_aarch64.whl.metadata (4.9 kB)","logger":"airflow.task.hooks.airflow.providers.standard.hooks.subprocess.SubprocessHook","filename":"subprocess.py","lineno":106}
{"timestamp":"2025-11-07T18:44:17.098097Z","level":"info","event":"#8 2.460 Collecting python-dateutil==2.9.0.post0 (from -r requirements.txt (line 7))","logger":"airflow.task.hooks.airflow.providers.standard.hooks.subprocess.SubprocessHook","filename":"subprocess.py","lineno":106}
{"timestamp":"2025-11-07T18:44:17.098126Z","level":"info","event":"#8 2.479   Downloading python_dateutil-2.9.0.post0-py2.py3-none-any.whl.metadata (8.4 kB)","logger":"airflow.task.hooks.airflow.providers.standard.hooks.subprocess.SubprocessHook","filename":"subprocess.py","lineno":106}
{"timestamp":"2025-11-07T18:44:17.098143Z","level":"info","event":"#8 2.540 Collecting pytz==2025.2 (from -r requirements.txt (line 8))","logger":"airflow.task.hooks.airflow.providers.standard.hooks.subprocess.SubprocessHook","filename":"subprocess.py","lineno":106}
{"timestamp":"2025-11-07T18:44:17.221822Z","level":"info","event":"#8 2.560   Downloading pytz-2025.2-py2.py3-none-any.whl.metadata (22 kB)","logger":"airflow.task.hooks.airflow.providers.standard.hooks.subprocess.SubprocessHook","filename":"subprocess.py","lineno":106}
{"timestamp":"2025-11-07T18:44:17.221955Z","level":"info","event":"#8 2.608 Collecting requests==2.32.5 (from -r requirements.txt (line 9))","logger":"airflow.task.hooks.airflow.providers.standard.hooks.subprocess.SubprocessHook","filename":"subprocess.py","lineno":106}
{"timestamp":"2025-11-07T18:44:17.221978Z","level":"info","event":"#8 2.629   Downloading requests-2.32.5-py3-none-any.whl.metadata (4.9 kB)","logger":"airflow.task.hooks.airflow.providers.standard.hooks.subprocess.SubprocessHook","filename":"subprocess.py","lineno":106}
{"timestamp":"2025-11-07T18:44:17.221996Z","level":"info","event":"#8 2.664 Collecting six==1.17.0 (from -r requirements.txt (line 10))","logger":"airflow.task.hooks.airflow.providers.standard.hooks.subprocess.SubprocessHook","filename":"subprocess.py","lineno":106}
{"timestamp":"2025-11-07T18:44:17.392020Z","level":"info","event":"#8 2.684   Downloading six-1.17.0-py2.py3-none-any.whl.metadata (1.7 kB)","logger":"airflow.task.hooks.airflow.providers.standard.hooks.subprocess.SubprocessHook","filename":"subprocess.py","lineno":106}
{"timestamp":"2025-11-07T18:44:17.503445Z","level":"info","event":"#8 2.946 Collecting SQLAlchemy==2.0.44 (from -r requirements.txt (line 11))","logger":"airflow.task.hooks.airflow.providers.standard.hooks.subprocess.SubprocessHook","filename":"subprocess.py","lineno":106}
{"timestamp":"2025-11-07T18:44:17.649076Z","level":"info","event":"#8 2.966   Downloading sqlalchemy-2.0.44-cp311-cp311-manylinux_2_17_aarch64.manylinux2014_aarch64.whl.metadata (9.5 kB)","logger":"airflow.task.hooks.airflow.providers.standard.hooks.subprocess.SubprocessHook","filename":"subprocess.py","lineno":106}
{"timestamp":"2025-11-07T18:44:17.649209Z","level":"info","event":"#8 3.002 Collecting typing_extensions==4.15.0 (from -r requirements.txt (line 12))","logger":"airflow.task.hooks.airflow.providers.standard.hooks.subprocess.SubprocessHook","filename":"subprocess.py","lineno":106}
{"timestamp":"2025-11-07T18:44:17.649237Z","level":"info","event":"#8 3.021   Downloading typing_extensions-4.15.0-py3-none-any.whl.metadata (3.3 kB)","logger":"airflow.task.hooks.airflow.providers.standard.hooks.subprocess.SubprocessHook","filename":"subprocess.py","lineno":106}
{"timestamp":"2025-11-07T18:44:17.649255Z","level":"info","event":"#8 3.091 Collecting tzdata==2025.2 (from -r requirements.txt (line 13))","logger":"airflow.task.hooks.airflow.providers.standard.hooks.subprocess.SubprocessHook","filename":"subprocess.py","lineno":106}
{"timestamp":"2025-11-07T18:44:17.889778Z","level":"info","event":"#8 3.111   Downloading tzdata-2025.2-py2.py3-none-any.whl.metadata (1.4 kB)","logger":"airflow.task.hooks.airflow.providers.standard.hooks.subprocess.SubprocessHook","filename":"subprocess.py","lineno":106}
{"timestamp":"2025-11-07T18:44:17.889891Z","level":"info","event":"#8 3.158 Collecting urllib3==2.5.0 (from -r requirements.txt (line 14))","logger":"airflow.task.hooks.airflow.providers.standard.hooks.subprocess.SubprocessHook","filename":"subprocess.py","lineno":106}
{"timestamp":"2025-11-07T18:44:17.889913Z","level":"info","event":"#8 3.177   Downloading urllib3-2.5.0-py3-none-any.whl.metadata (6.5 kB)","logger":"airflow.task.hooks.airflow.providers.standard.hooks.subprocess.SubprocessHook","filename":"subprocess.py","lineno":106}
{"timestamp":"2025-11-07T18:44:17.945691Z","level":"info","event":"#8 3.388 Collecting greenlet>=1 (from SQLAlchemy==2.0.44->-r requirements.txt (line 11))","logger":"airflow.task.hooks.airflow.providers.standard.hooks.subprocess.SubprocessHook","filename":"subprocess.py","lineno":106}
{"timestamp":"2025-11-07T18:44:18.052284Z","level":"info","event":"#8 3.409   Downloading greenlet-3.2.4-cp311-cp311-manylinux2014_aarch64.manylinux_2_17_aarch64.whl.metadata (4.1 kB)","logger":"airflow.task.hooks.airflow.providers.standard.hooks.subprocess.SubprocessHook","filename":"subprocess.py","lineno":106}
{"timestamp":"2025-11-07T18:44:18.052505Z","level":"info","event":"#8 3.450 Downloading certifi-2025.10.5-py3-none-any.whl (163 kB)","logger":"airflow.task.hooks.airflow.providers.standard.hooks.subprocess.SubprocessHook","filename":"subprocess.py","lineno":106}
{"timestamp":"2025-11-07T18:44:18.052553Z","level":"info","event":"#8 3.474    ━━━━━━━━━━━━━━━━━━━━━━━━━━━━━━━━━━━━━━━━ 163.3/163.3 kB 6.9 MB/s eta 0:00:00","logger":"airflow.task.hooks.airflow.providers.standard.hooks.subprocess.SubprocessHook","filename":"subprocess.py","lineno":106}
{"timestamp":"2025-11-07T18:44:18.052630Z","level":"info","event":"#8 3.495 Downloading charset_normalizer-3.4.4-cp311-cp311-manylinux2014_aarch64.manylinux_2_17_aarch64.manylinux_2_28_aarch64.whl (147 kB)","logger":"airflow.task.hooks.airflow.providers.standard.hooks.subprocess.SubprocessHook","filename":"subprocess.py","lineno":106}
{"timestamp":"2025-11-07T18:44:18.278273Z","level":"info","event":"#8 3.514    ━━━━━━━━━━━━━━━━━━━━━━━━━━━━━━━━━━━━━━━━ 147.3/147.3 kB 7.6 MB/s eta 0:00:00","logger":"airflow.task.hooks.airflow.providers.standard.hooks.subprocess.SubprocessHook","filename":"subprocess.py","lineno":106}
{"timestamp":"2025-11-07T18:44:18.278467Z","level":"info","event":"#8 3.535 Downloading idna-3.11-py3-none-any.whl (71 kB)","logger":"airflow.task.hooks.airflow.providers.standard.hooks.subprocess.SubprocessHook","filename":"subprocess.py","lineno":106}
{"timestamp":"2025-11-07T18:44:18.278518Z","level":"info","event":"#8 3.547    ━━━━━━━━━━━━━━━━━━━━━━━━━━━━━━━━━━━━━━━━ 71.0/71.0 kB 6.0 MB/s eta 0:00:00","logger":"airflow.task.hooks.airflow.providers.standard.hooks.subprocess.SubprocessHook","filename":"subprocess.py","lineno":106}
{"timestamp":"2025-11-07T18:44:18.278552Z","level":"info","event":"#8 3.569 Downloading numpy-2.3.4-cp311-cp311-manylinux_2_27_aarch64.manylinux_2_28_aarch64.whl (14.6 MB)","logger":"airflow.task.hooks.airflow.providers.standard.hooks.subprocess.SubprocessHook","filename":"subprocess.py","lineno":106}
{"timestamp":"2025-11-07T18:44:19.936161Z","level":"info","event":"#8 5.378    ━━━━━━━━━━━━━━━━━━━━━━━━━━━━━━━━━━━━━━━━ 14.6/14.6 MB 7.9 MB/s eta 0:00:00","logger":"airflow.task.hooks.airflow.providers.standard.hooks.subprocess.SubprocessHook","filename":"subprocess.py","lineno":106}
{"timestamp":"2025-11-07T18:44:20.110404Z","level":"info","event":"#8 5.402 Downloading pandas-2.3.3-cp311-cp311-manylinux_2_24_aarch64.manylinux_2_28_aarch64.whl (12.2 MB)","logger":"airflow.task.hooks.airflow.providers.standard.hooks.subprocess.SubprocessHook","filename":"subprocess.py","lineno":106}
{"timestamp":"2025-11-07T18:44:21.787526Z","level":"info","event":"#8 7.058    ━━━━━━━━━━━━━━━━━━━━━━━━━━━━━━━━━━━━━━━━ 12.2/12.2 MB 7.5 MB/s eta 0:00:00","logger":"airflow.task.hooks.airflow.providers.standard.hooks.subprocess.SubprocessHook","filename":"subprocess.py","lineno":106}
{"timestamp":"2025-11-07T18:44:21.787765Z","level":"info","event":"#8 7.079 Downloading psycopg2_binary-2.9.11-cp311-cp311-manylinux2014_aarch64.manylinux_2_17_aarch64.whl (4.4 MB)","logger":"airflow.task.hooks.airflow.providers.standard.hooks.subprocess.SubprocessHook","filename":"subprocess.py","lineno":106}
{"timestamp":"2025-11-07T18:44:22.178277Z","level":"info","event":"#8 7.620    ━━━━━━━━━━━━━━━━━━━━━━━━━━━━━━━━━━━━━━━━ 4.4/4.4 MB 8.2 MB/s eta 0:00:00","logger":"airflow.task.hooks.airflow.providers.standard.hooks.subprocess.SubprocessHook","filename":"subprocess.py","lineno":106}
{"timestamp":"2025-11-07T18:44:22.311880Z","level":"info","event":"#8 7.641 Downloading python_dateutil-2.9.0.post0-py2.py3-none-any.whl (229 kB)","logger":"airflow.task.hooks.airflow.providers.standard.hooks.subprocess.SubprocessHook","filename":"subprocess.py","lineno":106}
{"timestamp":"2025-11-07T18:44:22.312011Z","level":"info","event":"#8 7.671    ━━━━━━━━━━━━━━━━━━━━━━━━━━━━━━━━━━━━━━━━ 229.9/229.9 kB 7.8 MB/s eta 0:00:00","logger":"airflow.task.hooks.airflow.providers.standard.hooks.subprocess.SubprocessHook","filename":"subprocess.py","lineno":106}
{"timestamp":"2025-11-07T18:44:22.312042Z","level":"info","event":"#8 7.690 Downloading pytz-2025.2-py2.py3-none-any.whl (509 kB)","logger":"airflow.task.hooks.airflow.providers.standard.hooks.subprocess.SubprocessHook","filename":"subprocess.py","lineno":106}
{"timestamp":"2025-11-07T18:44:22.312071Z","level":"info","event":"#8 7.754    ━━━━━━━━━━━━━━━━━━━━━━━━━━━━━━━━━━━━━━━━ 509.2/509.2 kB 8.3 MB/s eta 0:00:00","logger":"airflow.task.hooks.airflow.providers.standard.hooks.subprocess.SubprocessHook","filename":"subprocess.py","lineno":106}
{"timestamp":"2025-11-07T18:44:22.536396Z","level":"info","event":"#8 7.774 Downloading requests-2.32.5-py3-none-any.whl (64 kB)","logger":"airflow.task.hooks.airflow.providers.standard.hooks.subprocess.SubprocessHook","filename":"subprocess.py","lineno":106}
{"timestamp":"2025-11-07T18:44:22.536524Z","level":"info","event":"#8 7.783    ━━━━━━━━━━━━━━━━━━━━━━━━━━━━━━━━━━━━━━━━ 64.7/64.7 kB 6.9 MB/s eta 0:00:00","logger":"airflow.task.hooks.airflow.providers.standard.hooks.subprocess.SubprocessHook","filename":"subprocess.py","lineno":106}
{"timestamp":"2025-11-07T18:44:22.536552Z","level":"info","event":"#8 7.802 Downloading six-1.17.0-py2.py3-none-any.whl (11 kB)","logger":"airflow.task.hooks.airflow.providers.standard.hooks.subprocess.SubprocessHook","filename":"subprocess.py","lineno":106}
{"timestamp":"2025-11-07T18:44:22.536568Z","level":"info","event":"#8 7.828 Downloading sqlalchemy-2.0.44-cp311-cp311-manylinux_2_17_aarch64.manylinux2014_aarch64.whl (3.3 MB)","logger":"airflow.task.hooks.airflow.providers.standard.hooks.subprocess.SubprocessHook","filename":"subprocess.py","lineno":106}
{"timestamp":"2025-11-07T18:44:22.778646Z","level":"info","event":"#8 8.221    ━━━━━━━━━━━━━━━━━━━━━━━━━━━━━━━━━━━━━━━━ 3.3/3.3 MB 8.4 MB/s eta 0:00:00","logger":"airflow.task.hooks.airflow.providers.standard.hooks.subprocess.SubprocessHook","filename":"subprocess.py","lineno":106}
{"timestamp":"2025-11-07T18:44:22.892575Z","level":"info","event":"#8 8.241 Downloading typing_extensions-4.15.0-py3-none-any.whl (44 kB)","logger":"airflow.task.hooks.airflow.providers.standard.hooks.subprocess.SubprocessHook","filename":"subprocess.py","lineno":106}
{"timestamp":"2025-11-07T18:44:22.892696Z","level":"info","event":"#8 8.250    ━━━━━━━━━━━━━━━━━━━━━━━━━━━━━━━━━━━━━━━━ 44.6/44.6 kB 8.8 MB/s eta 0:00:00","logger":"airflow.task.hooks.airflow.providers.standard.hooks.subprocess.SubprocessHook","filename":"subprocess.py","lineno":106}
{"timestamp":"2025-11-07T18:44:22.892721Z","level":"info","event":"#8 8.269 Downloading tzdata-2025.2-py2.py3-none-any.whl (347 kB)","logger":"airflow.task.hooks.airflow.providers.standard.hooks.subprocess.SubprocessHook","filename":"subprocess.py","lineno":106}
{"timestamp":"2025-11-07T18:44:22.892750Z","level":"info","event":"#8 8.315    ━━━━━━━━━━━━━━━━━━━━━━━━━━━━━━━━━━━━━━━━ 347.8/347.8 kB 7.9 MB/s eta 0:00:00","logger":"airflow.task.hooks.airflow.providers.standard.hooks.subprocess.SubprocessHook","filename":"subprocess.py","lineno":106}
{"timestamp":"2025-11-07T18:44:22.892770Z","level":"info","event":"#8 8.335 Downloading urllib3-2.5.0-py3-none-any.whl (129 kB)","logger":"airflow.task.hooks.airflow.providers.standard.hooks.subprocess.SubprocessHook","filename":"subprocess.py","lineno":106}
{"timestamp":"2025-11-07T18:44:23.013243Z","level":"info","event":"#8 8.353    ━━━━━━━━━━━━━━━━━━━━━━━━━━━━━━━━━━━━━━━━ 129.8/129.8 kB 7.9 MB/s eta 0:00:00","logger":"airflow.task.hooks.airflow.providers.standard.hooks.subprocess.SubprocessHook","filename":"subprocess.py","lineno":106}
{"timestamp":"2025-11-07T18:44:23.013449Z","level":"info","event":"#8 8.374 Downloading greenlet-3.2.4-cp311-cp311-manylinux2014_aarch64.manylinux_2_17_aarch64.whl (632 kB)","logger":"airflow.task.hooks.airflow.providers.standard.hooks.subprocess.SubprocessHook","filename":"subprocess.py","lineno":106}
{"timestamp":"2025-11-07T18:44:23.013501Z","level":"info","event":"#8 8.455    ━━━━━━━━━━━━━━━━━━━━━━━━━━━━━━━━━━━━━━━━ 632.5/632.5 kB 7.8 MB/s eta 0:00:00","logger":"airflow.task.hooks.airflow.providers.standard.hooks.subprocess.SubprocessHook","filename":"subprocess.py","lineno":106}
{"timestamp":"2025-11-07T18:44:23.157912Z","level":"info","event":"#8 8.600 Installing collected packages: pytz, urllib3, tzdata, typing_extensions, six, psycopg2-binary, numpy, idna, greenlet, charset-normalizer, certifi, SQLAlchemy, requests, python-dateutil, pandas","logger":"airflow.task.hooks.airflow.providers.standard.hooks.subprocess.SubprocessHook","filename":"subprocess.py","lineno":106}
{"timestamp":"2025-11-07T18:44:29.604656Z","level":"info","event":"#8 15.04 Successfully installed SQLAlchemy-2.0.44 certifi-2025.10.5 charset-normalizer-3.4.4 greenlet-3.2.4 idna-3.11 numpy-2.3.4 pandas-2.3.3 psycopg2-binary-2.9.11 python-dateutil-2.9.0.post0 pytz-2025.2 requests-2.32.5 six-1.17.0 typing_extensions-4.15.0 tzdata-2025.2 urllib3-2.5.0","logger":"airflow.task.hooks.airflow.providers.standard.hooks.subprocess.SubprocessHook","filename":"subprocess.py","lineno":106}
{"timestamp":"2025-11-07T18:44:29.743727Z","level":"info","event":"#8 15.04 WARNING: Running pip as the 'root' user can result in broken permissions and conflicting behaviour with the system package manager. It is recommended to use a virtual environment instead: https://pip.pypa.io/warnings/venv","logger":"airflow.task.hooks.airflow.providers.standard.hooks.subprocess.SubprocessHook","filename":"subprocess.py","lineno":106}
{"timestamp":"2025-11-07T18:44:29.743886Z","level":"info","event":"#8 15.19","logger":"airflow.task.hooks.airflow.providers.standard.hooks.subprocess.SubprocessHook","filename":"subprocess.py","lineno":106}
{"timestamp":"2025-11-07T18:44:29.743938Z","level":"info","event":"#8 15.19 [notice] A new release of pip is available: 24.0 -> 25.3","logger":"airflow.task.hooks.airflow.providers.standard.hooks.subprocess.SubprocessHook","filename":"subprocess.py","lineno":106}
{"timestamp":"2025-11-07T18:44:29.744042Z","level":"info","event":"#8 15.19 [notice] To update, run: pip install --upgrade pip","logger":"airflow.task.hooks.airflow.providers.standard.hooks.subprocess.SubprocessHook","filename":"subprocess.py","lineno":106}
{"timestamp":"2025-11-07T18:44:30.464815Z","level":"info","event":"#8 DONE 15.9s","logger":"airflow.task.hooks.airflow.providers.standard.hooks.subprocess.SubprocessHook","filename":"subprocess.py","lineno":106}
{"timestamp":"2025-11-07T18:44:30.684514Z","level":"info","event":"","logger":"airflow.task.hooks.airflow.providers.standard.hooks.subprocess.SubprocessHook","filename":"subprocess.py","lineno":106}
{"timestamp":"2025-11-07T18:44:30.684697Z","level":"info","event":"#9 [app 5/5] COPY main.py .","logger":"airflow.task.hooks.airflow.providers.standard.hooks.subprocess.SubprocessHook","filename":"subprocess.py","lineno":106}
{"timestamp":"2025-11-07T18:44:30.684728Z","level":"info","event":"#9 DONE 0.1s","logger":"airflow.task.hooks.airflow.providers.standard.hooks.subprocess.SubprocessHook","filename":"subprocess.py","lineno":106}
{"timestamp":"2025-11-07T18:44:30.684785Z","level":"info","event":"","logger":"airflow.task.hooks.airflow.providers.standard.hooks.subprocess.SubprocessHook","filename":"subprocess.py","lineno":106}
{"timestamp":"2025-11-07T18:44:30.684805Z","level":"info","event":"#10 [app] exporting to image","logger":"airflow.task.hooks.airflow.providers.standard.hooks.subprocess.SubprocessHook","filename":"subprocess.py","lineno":106}
{"timestamp":"2025-11-07T18:44:30.684902Z","level":"info","event":"#10 exporting layers","logger":"airflow.task.hooks.airflow.providers.standard.hooks.subprocess.SubprocessHook","filename":"subprocess.py","lineno":106}
{"timestamp":"2025-11-07T18:44:36.938308Z","level":"info","event":"#10 exporting layers 6.4s done","logger":"airflow.task.hooks.airflow.providers.standard.hooks.subprocess.SubprocessHook","filename":"subprocess.py","lineno":106}
{"timestamp":"2025-11-07T18:44:36.939688Z","level":"info","event":"#10 exporting manifest sha256:9d43d63a28cb99372b3e13f195c0a670264d97498ced3b9de272d1566f85c512","logger":"airflow.task.hooks.airflow.providers.standard.hooks.subprocess.SubprocessHook","filename":"subprocess.py","lineno":106}
{"timestamp":"2025-11-07T18:44:37.126287Z","level":"info","event":"#10 exporting manifest sha256:9d43d63a28cb99372b3e13f195c0a670264d97498ced3b9de272d1566f85c512 done","logger":"airflow.task.hooks.airflow.providers.standard.hooks.subprocess.SubprocessHook","filename":"subprocess.py","lineno":106}
{"timestamp":"2025-11-07T18:44:37.126546Z","level":"info","event":"#10 exporting config sha256:b266f1749145a06b9ddc9c24e78eb460c40b2d260c566d7480f20acebe5e7aca done","logger":"airflow.task.hooks.airflow.providers.standard.hooks.subprocess.SubprocessHook","filename":"subprocess.py","lineno":106}
{"timestamp":"2025-11-07T18:44:37.126709Z","level":"info","event":"#10 exporting attestation manifest sha256:86bf9512fa327c83f0c69dcc8ea6f74f1a4e44a3d37bcd536407f1b85eeadd40 0.0s done","logger":"airflow.task.hooks.airflow.providers.standard.hooks.subprocess.SubprocessHook","filename":"subprocess.py","lineno":106}
{"timestamp":"2025-11-07T18:44:37.127052Z","level":"info","event":"#10 exporting manifest list sha256:73fd00497fa0bb7bca580c9d1b8cbd11a6f52b8b7ace1ed724aafd44253315cf done","logger":"airflow.task.hooks.airflow.providers.standard.hooks.subprocess.SubprocessHook","filename":"subprocess.py","lineno":106}
{"timestamp":"2025-11-07T18:44:37.127165Z","level":"info","event":"#10 naming to docker.io/library/my_job_pipeline-app:latest done","logger":"airflow.task.hooks.airflow.providers.standard.hooks.subprocess.SubprocessHook","filename":"subprocess.py","lineno":106}
{"timestamp":"2025-11-07T18:44:37.127295Z","level":"info","event":"#10 unpacking to docker.io/library/my_job_pipeline-app:latest","logger":"airflow.task.hooks.airflow.providers.standard.hooks.subprocess.SubprocessHook","filename":"subprocess.py","lineno":106}
{"timestamp":"2025-11-07T18:44:38.827129Z","level":"info","event":"#10 unpacking to docker.io/library/my_job_pipeline-app:latest 1.8s done","logger":"airflow.task.hooks.airflow.providers.standard.hooks.subprocess.SubprocessHook","filename":"subprocess.py","lineno":106}
{"timestamp":"2025-11-07T18:44:38.952453Z","level":"info","event":"#10 DONE 8.4s","logger":"airflow.task.hooks.airflow.providers.standard.hooks.subprocess.SubprocessHook","filename":"subprocess.py","lineno":106}
{"timestamp":"2025-11-07T18:44:39.205472Z","level":"info","event":"","logger":"airflow.task.hooks.airflow.providers.standard.hooks.subprocess.SubprocessHook","filename":"subprocess.py","lineno":106}
{"timestamp":"2025-11-07T18:44:39.205808Z","level":"info","event":"#11 [app] resolving provenance for metadata file","logger":"airflow.task.hooks.airflow.providers.standard.hooks.subprocess.SubprocessHook","filename":"subprocess.py","lineno":106}
{"timestamp":"2025-11-07T18:44:39.242481Z","level":"info","event":"#11 DONE 0.0s","logger":"airflow.task.hooks.airflow.providers.standard.hooks.subprocess.SubprocessHook","filename":"subprocess.py","lineno":106}
{"timestamp":"2025-11-07T18:44:39.242649Z","level":"info","event":" app  Built","logger":"airflow.task.hooks.airflow.providers.standard.hooks.subprocess.SubprocessHook","filename":"subprocess.py","lineno":106}
{"timestamp":"2025-11-07T18:44:39.255490Z","level":"info","event":" Network my_job_pipeline_default  Creating","logger":"airflow.task.hooks.airflow.providers.standard.hooks.subprocess.SubprocessHook","filename":"subprocess.py","lineno":106}
{"timestamp":"2025-11-07T18:44:39.288370Z","level":"info","event":" Network my_job_pipeline_default  Created","logger":"airflow.task.hooks.airflow.providers.standard.hooks.subprocess.SubprocessHook","filename":"subprocess.py","lineno":106}
{"timestamp":"2025-11-07T18:44:39.291933Z","level":"info","event":" Container my-postgres-db-compose  Creating","logger":"airflow.task.hooks.airflow.providers.standard.hooks.subprocess.SubprocessHook","filename":"subprocess.py","lineno":106}
{"timestamp":"2025-11-07T18:44:39.730141Z","level":"info","event":" Container my-postgres-db-compose  Created","logger":"airflow.task.hooks.airflow.providers.standard.hooks.subprocess.SubprocessHook","filename":"subprocess.py","lineno":106}
{"timestamp":"2025-11-07T18:44:39.730336Z","level":"info","event":" Container my-python-app-compose  Creating","logger":"airflow.task.hooks.airflow.providers.standard.hooks.subprocess.SubprocessHook","filename":"subprocess.py","lineno":106}
{"timestamp":"2025-11-07T18:44:39.828276Z","level":"info","event":" Container my-python-app-compose  Created","logger":"airflow.task.hooks.airflow.providers.standard.hooks.subprocess.SubprocessHook","filename":"subprocess.py","lineno":106}
{"timestamp":"2025-11-07T18:44:39.886473Z","level":"info","event":" Container my-postgres-db-compose  Starting","logger":"airflow.task.hooks.airflow.providers.standard.hooks.subprocess.SubprocessHook","filename":"subprocess.py","lineno":106}
{"timestamp":"2025-11-07T18:44:40.154275Z","level":"info","event":" Container my-postgres-db-compose  Started","logger":"airflow.task.hooks.airflow.providers.standard.hooks.subprocess.SubprocessHook","filename":"subprocess.py","lineno":106}
{"timestamp":"2025-11-07T18:44:40.154524Z","level":"info","event":" Container my-postgres-db-compose  Waiting","logger":"airflow.task.hooks.airflow.providers.standard.hooks.subprocess.SubprocessHook","filename":"subprocess.py","lineno":106}
{"timestamp":"2025-11-07T18:44:45.660996Z","level":"info","event":" Container my-postgres-db-compose  Healthy","logger":"airflow.task.hooks.airflow.providers.standard.hooks.subprocess.SubprocessHook","filename":"subprocess.py","lineno":106}
{"timestamp":"2025-11-07T18:44:45.662444Z","level":"info","event":" Container my-python-app-compose  Starting","logger":"airflow.task.hooks.airflow.providers.standard.hooks.subprocess.SubprocessHook","filename":"subprocess.py","lineno":106}
{"timestamp":"2025-11-07T18:44:45.815191Z","level":"info","event":" Container my-python-app-compose  Started","logger":"airflow.task.hooks.airflow.providers.standard.hooks.subprocess.SubprocessHook","filename":"subprocess.py","lineno":106}
{"timestamp":"2025-11-07T18:44:46.069872Z","level":"info","event":"NAME                     IMAGE                 COMMAND                  SERVICE   CREATED         STATUS                   PORTS","logger":"airflow.task.hooks.airflow.providers.standard.hooks.subprocess.SubprocessHook","filename":"subprocess.py","lineno":106}
{"timestamp":"2025-11-07T18:44:46.071332Z","level":"info","event":"my-postgres-db-compose   postgres:latest       \"docker-entrypoint.s…\"   db        7 seconds ago   Up 6 seconds (healthy)   0.0.0.0:5432->5432/tcp, [::]:5432->5432/tcp","logger":"airflow.task.hooks.airflow.providers.standard.hooks.subprocess.SubprocessHook","filename":"subprocess.py","lineno":106}
{"timestamp":"2025-11-07T18:44:46.071493Z","level":"info","event":"my-python-app-compose    my_job_pipeline-app   \"python3 main.py\"        app       7 seconds ago   Up Less than a second","logger":"airflow.task.hooks.airflow.providers.standard.hooks.subprocess.SubprocessHook","filename":"subprocess.py","lineno":106}
{"timestamp":"2025-11-07T18:44:46.082597Z","level":"info","event":"Command exited with return code 0","logger":"airflow.task.hooks.airflow.providers.standard.hooks.subprocess.SubprocessHook","filename":"subprocess.py","lineno":110}
{"timestamp":"2025-11-07T18:44:46.099267Z","level":"info","event":"Pushing xcom","ti":"RuntimeTaskInstance(id=UUID('019a5fa1-f287-70a9-a97b-43c6e12dc3cf'), task_id='run_docker_compose_etl', dag_id='my_article_pipeline', run_id='manual__2025-11-07T17:39:03+00:00', try_number=2, dag_version_id=UUID('019a5fa1-68fb-7a00-98fe-b89e004683b4'), map_index=-1, hostname='97ce3f40a083', context_carrier={}, task=<Task(BashOperator): run_docker_compose_etl>, bundle_instance=LocalDagBundle(name=dags-folder), max_tries=3, start_date=datetime.datetime(2025, 11, 7, 18, 44, 2, 712062, tzinfo=datetime.timezone.utc), end_date=None, state=<TaskInstanceState.RUNNING: 'running'>, is_mapped=False, rendered_map_index=None)","logger":"task","filename":"task_runner.py","lineno":1352}
{"timestamp":"2025-11-07T18:44:46.181864Z","level":"info","event":"Task instance in success state","logger":"task.stdout"}
{"timestamp":"2025-11-07T18:44:46.182091Z","level":"info","event":" Previous state of the Task instance: TaskInstanceState.RUNNING","logger":"task.stdout"}
{"timestamp":"2025-11-07T18:44:46.190756Z","level":"info","event":"Task operator:<Task(BashOperator): run_docker_compose_etl>","logger":"task.stdout"}
