{"timestamp":"2025-11-21T14:09:36.909860Z","level":"info","event":"DAG bundles loaded: dags-folder, example_dags","logger":"airflow.dag_processing.bundles.manager.DagBundlesManager","filename":"manager.py","lineno":179}
{"timestamp":"2025-11-21T14:09:36.910388Z","level":"info","event":"Filling up the DagBag from /opt/airflow/dags/my_article_pipeline.py","logger":"airflow.models.dagbag.DagBag","filename":"dagbag.py","lineno":593}
{"timestamp":"2025-11-21T14:09:36.941471Z","level":"info","event":"Task instance is in running state","logger":"task.stdout"}
{"timestamp":"2025-11-21T14:09:36.941671Z","level":"info","event":" Previous state of the Task instance: TaskInstanceState.QUEUED","logger":"task.stdout"}
{"timestamp":"2025-11-21T14:09:36.941829Z","level":"info","event":"Current task name:run_docker_compose_etl","logger":"task.stdout"}
{"timestamp":"2025-11-21T14:09:36.944282Z","level":"info","event":"Dag name:my_article_pipeline","logger":"task.stdout"}
{"timestamp":"2025-11-21T14:09:36.942249Z","level":"info","event":"Tmp dir root location: /tmp","logger":"airflow.task.hooks.airflow.providers.standard.hooks.subprocess.SubprocessHook","filename":"subprocess.py","lineno":78}
{"timestamp":"2025-11-21T14:09:36.942567Z","level":"info","event":"Running command: ['/usr/bin/bash', '-c', 'docker compose up -d --build && docker compose ps']","logger":"airflow.task.hooks.airflow.providers.standard.hooks.subprocess.SubprocessHook","filename":"subprocess.py","lineno":88}
{"timestamp":"2025-11-21T14:09:36.948830Z","level":"info","event":"Output:","logger":"airflow.task.hooks.airflow.providers.standard.hooks.subprocess.SubprocessHook","filename":"subprocess.py","lineno":99}
{"timestamp":"2025-11-21T14:09:37.229178Z","level":"info","event":"time=\"2025-11-21T14:09:37Z\" level=warning msg=\"Docker Compose is configured to build using Bake, but buildx isn't installed\"","logger":"airflow.task.hooks.airflow.providers.standard.hooks.subprocess.SubprocessHook","filename":"subprocess.py","lineno":106}
{"timestamp":"2025-11-21T14:09:37.512632Z","level":"info","event":"#0 building with \"default\" instance using docker driver","logger":"airflow.task.hooks.airflow.providers.standard.hooks.subprocess.SubprocessHook","filename":"subprocess.py","lineno":106}
{"timestamp":"2025-11-21T14:09:37.512843Z","level":"info","event":"","logger":"airflow.task.hooks.airflow.providers.standard.hooks.subprocess.SubprocessHook","filename":"subprocess.py","lineno":106}
{"timestamp":"2025-11-21T14:09:37.512884Z","level":"info","event":"#1 [app internal] load build definition from Dockerfile","logger":"airflow.task.hooks.airflow.providers.standard.hooks.subprocess.SubprocessHook","filename":"subprocess.py","lineno":106}
{"timestamp":"2025-11-21T14:09:37.512934Z","level":"info","event":"#1 transferring dockerfile: 439B done","logger":"airflow.task.hooks.airflow.providers.standard.hooks.subprocess.SubprocessHook","filename":"subprocess.py","lineno":106}
{"timestamp":"2025-11-21T14:09:37.512964Z","level":"info","event":"#1 DONE 0.0s","logger":"airflow.task.hooks.airflow.providers.standard.hooks.subprocess.SubprocessHook","filename":"subprocess.py","lineno":106}
{"timestamp":"2025-11-21T14:09:37.513011Z","level":"info","event":"","logger":"airflow.task.hooks.airflow.providers.standard.hooks.subprocess.SubprocessHook","filename":"subprocess.py","lineno":106}
{"timestamp":"2025-11-21T14:09:37.513052Z","level":"info","event":"#2 [app internal] load metadata for docker.io/library/python:3.11-slim","logger":"airflow.task.hooks.airflow.providers.standard.hooks.subprocess.SubprocessHook","filename":"subprocess.py","lineno":106}
{"timestamp":"2025-11-21T14:09:39.083475Z","level":"info","event":"#2 DONE 1.7s","logger":"airflow.task.hooks.airflow.providers.standard.hooks.subprocess.SubprocessHook","filename":"subprocess.py","lineno":106}
{"timestamp":"2025-11-21T14:09:39.287641Z","level":"info","event":"","logger":"airflow.task.hooks.airflow.providers.standard.hooks.subprocess.SubprocessHook","filename":"subprocess.py","lineno":106}
{"timestamp":"2025-11-21T14:09:39.287893Z","level":"info","event":"#3 [app internal] load .dockerignore","logger":"airflow.task.hooks.airflow.providers.standard.hooks.subprocess.SubprocessHook","filename":"subprocess.py","lineno":106}
{"timestamp":"2025-11-21T14:09:39.287947Z","level":"info","event":"#3 transferring context: 2B done","logger":"airflow.task.hooks.airflow.providers.standard.hooks.subprocess.SubprocessHook","filename":"subprocess.py","lineno":106}
{"timestamp":"2025-11-21T14:09:39.288017Z","level":"info","event":"#3 DONE 0.0s","logger":"airflow.task.hooks.airflow.providers.standard.hooks.subprocess.SubprocessHook","filename":"subprocess.py","lineno":106}
{"timestamp":"2025-11-21T14:09:39.288056Z","level":"info","event":"","logger":"airflow.task.hooks.airflow.providers.standard.hooks.subprocess.SubprocessHook","filename":"subprocess.py","lineno":106}
{"timestamp":"2025-11-21T14:09:39.288082Z","level":"info","event":"#4 [app internal] load build context","logger":"airflow.task.hooks.airflow.providers.standard.hooks.subprocess.SubprocessHook","filename":"subprocess.py","lineno":106}
{"timestamp":"2025-11-21T14:09:39.288108Z","level":"info","event":"#4 transferring context: 3.94kB done","logger":"airflow.task.hooks.airflow.providers.standard.hooks.subprocess.SubprocessHook","filename":"subprocess.py","lineno":106}
{"timestamp":"2025-11-21T14:09:39.288134Z","level":"info","event":"#4 DONE 0.0s","logger":"airflow.task.hooks.airflow.providers.standard.hooks.subprocess.SubprocessHook","filename":"subprocess.py","lineno":106}
{"timestamp":"2025-11-21T14:09:39.288159Z","level":"info","event":"","logger":"airflow.task.hooks.airflow.providers.standard.hooks.subprocess.SubprocessHook","filename":"subprocess.py","lineno":106}
{"timestamp":"2025-11-21T14:09:39.288184Z","level":"info","event":"#5 [app 1/5] FROM docker.io/library/python:3.11-slim@sha256:193fdd0bbcb3d2ae612bd6cc3548d2f7c78d65b549fcaa8af75624c47474444d","logger":"airflow.task.hooks.airflow.providers.standard.hooks.subprocess.SubprocessHook","filename":"subprocess.py","lineno":106}
{"timestamp":"2025-11-21T14:09:39.288251Z","level":"info","event":"#5 resolve docker.io/library/python:3.11-slim@sha256:193fdd0bbcb3d2ae612bd6cc3548d2f7c78d65b549fcaa8af75624c47474444d 0.0s done","logger":"airflow.task.hooks.airflow.providers.standard.hooks.subprocess.SubprocessHook","filename":"subprocess.py","lineno":106}
{"timestamp":"2025-11-21T14:09:39.295442Z","level":"info","event":"#5 sha256:44032d6d082a846084212c224a7e6705d4dafd612194449511ef14c38388ffef 0B / 250B 0.2s","logger":"airflow.task.hooks.airflow.providers.standard.hooks.subprocess.SubprocessHook","filename":"subprocess.py","lineno":106}
{"timestamp":"2025-11-21T14:09:39.295599Z","level":"info","event":"#5 sha256:158b441f91fd7081b1c9b51af9f9b5fb4207227bb1f756e1398556a63f050b4c 0B / 14.31MB 0.2s","logger":"airflow.task.hooks.airflow.providers.standard.hooks.subprocess.SubprocessHook","filename":"subprocess.py","lineno":106}
{"timestamp":"2025-11-21T14:09:39.432718Z","level":"info","event":"#5 sha256:44032d6d082a846084212c224a7e6705d4dafd612194449511ef14c38388ffef 250B / 250B 0.3s done","logger":"airflow.task.hooks.airflow.providers.standard.hooks.subprocess.SubprocessHook","filename":"subprocess.py","lineno":106}
{"timestamp":"2025-11-21T14:09:39.433341Z","level":"info","event":"#5 sha256:89477b9ce6a61ff5ad56b76e727848cb22d07bf3b33c7513e057fc9138560013 0B / 1.27MB 0.2s","logger":"airflow.task.hooks.airflow.providers.standard.hooks.subprocess.SubprocessHook","filename":"subprocess.py","lineno":106}
{"timestamp":"2025-11-21T14:09:39.433575Z","level":"info","event":"#5 sha256:b89cf3ec7a3ed3a58015edd6724125187f0d284147e09b5739b511c74222b2a4 0B / 30.14MB 0.2s","logger":"airflow.task.hooks.airflow.providers.standard.hooks.subprocess.SubprocessHook","filename":"subprocess.py","lineno":106}
{"timestamp":"2025-11-21T14:09:39.897086Z","level":"info","event":"#5 sha256:158b441f91fd7081b1c9b51af9f9b5fb4207227bb1f756e1398556a63f050b4c 1.05MB / 14.31MB 0.8s","logger":"airflow.task.hooks.airflow.providers.standard.hooks.subprocess.SubprocessHook","filename":"subprocess.py","lineno":106}
{"timestamp":"2025-11-21T14:09:40.048994Z","level":"info","event":"#5 sha256:89477b9ce6a61ff5ad56b76e727848cb22d07bf3b33c7513e057fc9138560013 1.05MB / 1.27MB 0.9s","logger":"airflow.task.hooks.airflow.providers.standard.hooks.subprocess.SubprocessHook","filename":"subprocess.py","lineno":106}
{"timestamp":"2025-11-21T14:09:40.197667Z","level":"info","event":"#5 sha256:158b441f91fd7081b1c9b51af9f9b5fb4207227bb1f756e1398556a63f050b4c 2.10MB / 14.31MB 1.1s","logger":"airflow.task.hooks.airflow.providers.standard.hooks.subprocess.SubprocessHook","filename":"subprocess.py","lineno":106}
{"timestamp":"2025-11-21T14:09:40.197986Z","level":"info","event":"#5 sha256:89477b9ce6a61ff5ad56b76e727848cb22d07bf3b33c7513e057fc9138560013 1.27MB / 1.27MB 0.9s done","logger":"airflow.task.hooks.airflow.providers.standard.hooks.subprocess.SubprocessHook","filename":"subprocess.py","lineno":106}
{"timestamp":"2025-11-21T14:09:40.344075Z","level":"info","event":"#5 sha256:158b441f91fd7081b1c9b51af9f9b5fb4207227bb1f756e1398556a63f050b4c 3.15MB / 14.31MB 1.2s","logger":"airflow.task.hooks.airflow.providers.standard.hooks.subprocess.SubprocessHook","filename":"subprocess.py","lineno":106}
{"timestamp":"2025-11-21T14:09:40.495374Z","level":"info","event":"#5 sha256:158b441f91fd7081b1c9b51af9f9b5fb4207227bb1f756e1398556a63f050b4c 4.19MB / 14.31MB 1.4s","logger":"airflow.task.hooks.airflow.providers.standard.hooks.subprocess.SubprocessHook","filename":"subprocess.py","lineno":106}
{"timestamp":"2025-11-21T14:09:40.643977Z","level":"info","event":"#5 sha256:158b441f91fd7081b1c9b51af9f9b5fb4207227bb1f756e1398556a63f050b4c 5.24MB / 14.31MB 1.5s","logger":"airflow.task.hooks.airflow.providers.standard.hooks.subprocess.SubprocessHook","filename":"subprocess.py","lineno":106}
{"timestamp":"2025-11-21T14:09:40.794278Z","level":"info","event":"#5 sha256:b89cf3ec7a3ed3a58015edd6724125187f0d284147e09b5739b511c74222b2a4 2.10MB / 30.14MB 1.5s","logger":"airflow.task.hooks.airflow.providers.standard.hooks.subprocess.SubprocessHook","filename":"subprocess.py","lineno":106}
{"timestamp":"2025-11-21T14:09:40.944517Z","level":"info","event":"#5 sha256:158b441f91fd7081b1c9b51af9f9b5fb4207227bb1f756e1398556a63f050b4c 6.29MB / 14.31MB 1.8s","logger":"airflow.task.hooks.airflow.providers.standard.hooks.subprocess.SubprocessHook","filename":"subprocess.py","lineno":106}
{"timestamp":"2025-11-21T14:09:41.094611Z","level":"info","event":"#5 sha256:158b441f91fd7081b1c9b51af9f9b5fb4207227bb1f756e1398556a63f050b4c 7.34MB / 14.31MB 2.0s","logger":"airflow.task.hooks.airflow.providers.standard.hooks.subprocess.SubprocessHook","filename":"subprocess.py","lineno":106}
{"timestamp":"2025-11-21T14:09:41.243758Z","level":"info","event":"#5 sha256:158b441f91fd7081b1c9b51af9f9b5fb4207227bb1f756e1398556a63f050b4c 8.39MB / 14.31MB 2.1s","logger":"airflow.task.hooks.airflow.providers.standard.hooks.subprocess.SubprocessHook","filename":"subprocess.py","lineno":106}
{"timestamp":"2025-11-21T14:09:41.394223Z","level":"info","event":"#5 sha256:b89cf3ec7a3ed3a58015edd6724125187f0d284147e09b5739b511c74222b2a4 4.19MB / 30.14MB 2.1s","logger":"airflow.task.hooks.airflow.providers.standard.hooks.subprocess.SubprocessHook","filename":"subprocess.py","lineno":106}
{"timestamp":"2025-11-21T14:09:41.544953Z","level":"info","event":"#5 sha256:158b441f91fd7081b1c9b51af9f9b5fb4207227bb1f756e1398556a63f050b4c 9.44MB / 14.31MB 2.4s","logger":"airflow.task.hooks.airflow.providers.standard.hooks.subprocess.SubprocessHook","filename":"subprocess.py","lineno":106}
{"timestamp":"2025-11-21T14:09:41.694069Z","level":"info","event":"#5 sha256:158b441f91fd7081b1c9b51af9f9b5fb4207227bb1f756e1398556a63f050b4c 10.49MB / 14.31MB 2.6s","logger":"airflow.task.hooks.airflow.providers.standard.hooks.subprocess.SubprocessHook","filename":"subprocess.py","lineno":106}
{"timestamp":"2025-11-21T14:09:41.995726Z","level":"info","event":"#5 sha256:158b441f91fd7081b1c9b51af9f9b5fb4207227bb1f756e1398556a63f050b4c 11.53MB / 14.31MB 2.9s","logger":"airflow.task.hooks.airflow.providers.standard.hooks.subprocess.SubprocessHook","filename":"subprocess.py","lineno":106}
{"timestamp":"2025-11-21T14:09:41.996109Z","level":"info","event":"#5 sha256:b89cf3ec7a3ed3a58015edd6724125187f0d284147e09b5739b511c74222b2a4 6.29MB / 30.14MB 2.7s","logger":"airflow.task.hooks.airflow.providers.standard.hooks.subprocess.SubprocessHook","filename":"subprocess.py","lineno":106}
{"timestamp":"2025-11-21T14:09:42.294505Z","level":"info","event":"#5 sha256:158b441f91fd7081b1c9b51af9f9b5fb4207227bb1f756e1398556a63f050b4c 12.58MB / 14.31MB 3.2s","logger":"airflow.task.hooks.airflow.providers.standard.hooks.subprocess.SubprocessHook","filename":"subprocess.py","lineno":106}
{"timestamp":"2025-11-21T14:09:42.445320Z","level":"info","event":"#5 sha256:158b441f91fd7081b1c9b51af9f9b5fb4207227bb1f756e1398556a63f050b4c 13.63MB / 14.31MB 3.3s","logger":"airflow.task.hooks.airflow.providers.standard.hooks.subprocess.SubprocessHook","filename":"subprocess.py","lineno":106}
{"timestamp":"2025-11-21T14:09:42.445538Z","level":"info","event":"#5 sha256:b89cf3ec7a3ed3a58015edd6724125187f0d284147e09b5739b511c74222b2a4 8.39MB / 30.14MB 3.2s","logger":"airflow.task.hooks.airflow.providers.standard.hooks.subprocess.SubprocessHook","filename":"subprocess.py","lineno":106}
{"timestamp":"2025-11-21T14:09:42.598235Z","level":"info","event":"#5 sha256:158b441f91fd7081b1c9b51af9f9b5fb4207227bb1f756e1398556a63f050b4c 14.31MB / 14.31MB 3.4s done","logger":"airflow.task.hooks.airflow.providers.standard.hooks.subprocess.SubprocessHook","filename":"subprocess.py","lineno":106}
{"timestamp":"2025-11-21T14:09:42.748233Z","level":"info","event":"#5 sha256:b89cf3ec7a3ed3a58015edd6724125187f0d284147e09b5739b511c74222b2a4 10.49MB / 30.14MB 3.6s","logger":"airflow.task.hooks.airflow.providers.standard.hooks.subprocess.SubprocessHook","filename":"subprocess.py","lineno":106}
{"timestamp":"2025-11-21T14:09:43.049332Z","level":"info","event":"#5 sha256:b89cf3ec7a3ed3a58015edd6724125187f0d284147e09b5739b511c74222b2a4 12.58MB / 30.14MB 3.9s","logger":"airflow.task.hooks.airflow.providers.standard.hooks.subprocess.SubprocessHook","filename":"subprocess.py","lineno":106}
{"timestamp":"2025-11-21T14:09:43.350035Z","level":"info","event":"#5 sha256:b89cf3ec7a3ed3a58015edd6724125187f0d284147e09b5739b511c74222b2a4 15.73MB / 30.14MB 4.2s","logger":"airflow.task.hooks.airflow.providers.standard.hooks.subprocess.SubprocessHook","filename":"subprocess.py","lineno":106}
{"timestamp":"2025-11-21T14:09:43.649159Z","level":"info","event":"#5 sha256:b89cf3ec7a3ed3a58015edd6724125187f0d284147e09b5739b511c74222b2a4 17.83MB / 30.14MB 4.5s","logger":"airflow.task.hooks.airflow.providers.standard.hooks.subprocess.SubprocessHook","filename":"subprocess.py","lineno":106}
{"timestamp":"2025-11-21T14:09:43.950566Z","level":"info","event":"#5 sha256:b89cf3ec7a3ed3a58015edd6724125187f0d284147e09b5739b511c74222b2a4 19.92MB / 30.14MB 4.8s","logger":"airflow.task.hooks.airflow.providers.standard.hooks.subprocess.SubprocessHook","filename":"subprocess.py","lineno":106}
{"timestamp":"2025-11-21T14:09:44.248938Z","level":"info","event":"#5 sha256:b89cf3ec7a3ed3a58015edd6724125187f0d284147e09b5739b511c74222b2a4 22.02MB / 30.14MB 5.1s","logger":"airflow.task.hooks.airflow.providers.standard.hooks.subprocess.SubprocessHook","filename":"subprocess.py","lineno":106}
{"timestamp":"2025-11-21T14:09:44.703028Z","level":"info","event":"#5 sha256:b89cf3ec7a3ed3a58015edd6724125187f0d284147e09b5739b511c74222b2a4 24.12MB / 30.14MB 5.6s","logger":"airflow.task.hooks.airflow.providers.standard.hooks.subprocess.SubprocessHook","filename":"subprocess.py","lineno":106}
{"timestamp":"2025-11-21T14:09:45.148490Z","level":"info","event":"#5 sha256:b89cf3ec7a3ed3a58015edd6724125187f0d284147e09b5739b511c74222b2a4 27.26MB / 30.14MB 6.0s","logger":"airflow.task.hooks.airflow.providers.standard.hooks.subprocess.SubprocessHook","filename":"subprocess.py","lineno":106}
{"timestamp":"2025-11-21T14:09:45.449458Z","level":"info","event":"#5 sha256:b89cf3ec7a3ed3a58015edd6724125187f0d284147e09b5739b511c74222b2a4 29.36MB / 30.14MB 6.3s","logger":"airflow.task.hooks.airflow.providers.standard.hooks.subprocess.SubprocessHook","filename":"subprocess.py","lineno":106}
{"timestamp":"2025-11-21T14:09:45.665198Z","level":"info","event":"#5 sha256:b89cf3ec7a3ed3a58015edd6724125187f0d284147e09b5739b511c74222b2a4 30.14MB / 30.14MB 6.3s done","logger":"airflow.task.hooks.airflow.providers.standard.hooks.subprocess.SubprocessHook","filename":"subprocess.py","lineno":106}
{"timestamp":"2025-11-21T14:09:45.665429Z","level":"info","event":"#5 extracting sha256:b89cf3ec7a3ed3a58015edd6724125187f0d284147e09b5739b511c74222b2a4","logger":"airflow.task.hooks.airflow.providers.standard.hooks.subprocess.SubprocessHook","filename":"subprocess.py","lineno":106}
{"timestamp":"2025-11-21T14:09:46.049136Z","level":"info","event":"#5 extracting sha256:b89cf3ec7a3ed3a58015edd6724125187f0d284147e09b5739b511c74222b2a4 0.5s done","logger":"airflow.task.hooks.airflow.providers.standard.hooks.subprocess.SubprocessHook","filename":"subprocess.py","lineno":106}
{"timestamp":"2025-11-21T14:09:46.049286Z","level":"info","event":"#5 DONE 6.9s","logger":"airflow.task.hooks.airflow.providers.standard.hooks.subprocess.SubprocessHook","filename":"subprocess.py","lineno":106}
{"timestamp":"2025-11-21T14:09:46.258000Z","level":"info","event":"","logger":"airflow.task.hooks.airflow.providers.standard.hooks.subprocess.SubprocessHook","filename":"subprocess.py","lineno":106}
{"timestamp":"2025-11-21T14:09:46.258109Z","level":"info","event":"#5 [app 1/5] FROM docker.io/library/python:3.11-slim@sha256:193fdd0bbcb3d2ae612bd6cc3548d2f7c78d65b549fcaa8af75624c47474444d","logger":"airflow.task.hooks.airflow.providers.standard.hooks.subprocess.SubprocessHook","filename":"subprocess.py","lineno":106}
{"timestamp":"2025-11-21T14:09:46.258159Z","level":"info","event":"#5 extracting sha256:89477b9ce6a61ff5ad56b76e727848cb22d07bf3b33c7513e057fc9138560013 0.1s done","logger":"airflow.task.hooks.airflow.providers.standard.hooks.subprocess.SubprocessHook","filename":"subprocess.py","lineno":106}
{"timestamp":"2025-11-21T14:09:46.258194Z","level":"info","event":"#5 extracting sha256:158b441f91fd7081b1c9b51af9f9b5fb4207227bb1f756e1398556a63f050b4c","logger":"airflow.task.hooks.airflow.providers.standard.hooks.subprocess.SubprocessHook","filename":"subprocess.py","lineno":106}
{"timestamp":"2025-11-21T14:09:46.405347Z","level":"info","event":"#5 extracting sha256:158b441f91fd7081b1c9b51af9f9b5fb4207227bb1f756e1398556a63f050b4c 0.3s done","logger":"airflow.task.hooks.airflow.providers.standard.hooks.subprocess.SubprocessHook","filename":"subprocess.py","lineno":106}
{"timestamp":"2025-11-21T14:09:46.405508Z","level":"info","event":"#5 DONE 7.3s","logger":"airflow.task.hooks.airflow.providers.standard.hooks.subprocess.SubprocessHook","filename":"subprocess.py","lineno":106}
{"timestamp":"2025-11-21T14:09:46.569721Z","level":"info","event":"","logger":"airflow.task.hooks.airflow.providers.standard.hooks.subprocess.SubprocessHook","filename":"subprocess.py","lineno":106}
{"timestamp":"2025-11-21T14:09:46.569892Z","level":"info","event":"#5 [app 1/5] FROM docker.io/library/python:3.11-slim@sha256:193fdd0bbcb3d2ae612bd6cc3548d2f7c78d65b549fcaa8af75624c47474444d","logger":"airflow.task.hooks.airflow.providers.standard.hooks.subprocess.SubprocessHook","filename":"subprocess.py","lineno":106}
{"timestamp":"2025-11-21T14:09:46.569929Z","level":"info","event":"#5 extracting sha256:44032d6d082a846084212c224a7e6705d4dafd612194449511ef14c38388ffef done","logger":"airflow.task.hooks.airflow.providers.standard.hooks.subprocess.SubprocessHook","filename":"subprocess.py","lineno":106}
{"timestamp":"2025-11-21T14:09:46.569947Z","level":"info","event":"#5 DONE 7.3s","logger":"airflow.task.hooks.airflow.providers.standard.hooks.subprocess.SubprocessHook","filename":"subprocess.py","lineno":106}
{"timestamp":"2025-11-21T14:09:46.569970Z","level":"info","event":"","logger":"airflow.task.hooks.airflow.providers.standard.hooks.subprocess.SubprocessHook","filename":"subprocess.py","lineno":106}
{"timestamp":"2025-11-21T14:09:46.570000Z","level":"info","event":"#6 [app 2/5] WORKDIR /app","logger":"airflow.task.hooks.airflow.providers.standard.hooks.subprocess.SubprocessHook","filename":"subprocess.py","lineno":106}
{"timestamp":"2025-11-21T14:09:46.656749Z","level":"info","event":"#6 DONE 0.2s","logger":"airflow.task.hooks.airflow.providers.standard.hooks.subprocess.SubprocessHook","filename":"subprocess.py","lineno":106}
{"timestamp":"2025-11-21T14:09:46.826995Z","level":"info","event":"","logger":"airflow.task.hooks.airflow.providers.standard.hooks.subprocess.SubprocessHook","filename":"subprocess.py","lineno":106}
{"timestamp":"2025-11-21T14:09:46.827107Z","level":"info","event":"#7 [app 3/5] COPY requirements.txt .","logger":"airflow.task.hooks.airflow.providers.standard.hooks.subprocess.SubprocessHook","filename":"subprocess.py","lineno":106}
{"timestamp":"2025-11-21T14:09:46.827145Z","level":"info","event":"#7 DONE 0.0s","logger":"airflow.task.hooks.airflow.providers.standard.hooks.subprocess.SubprocessHook","filename":"subprocess.py","lineno":106}
{"timestamp":"2025-11-21T14:09:46.827176Z","level":"info","event":"","logger":"airflow.task.hooks.airflow.providers.standard.hooks.subprocess.SubprocessHook","filename":"subprocess.py","lineno":106}
{"timestamp":"2025-11-21T14:09:46.827202Z","level":"info","event":"#8 [app 4/5] RUN pip install -r requirements.txt","logger":"airflow.task.hooks.airflow.providers.standard.hooks.subprocess.SubprocessHook","filename":"subprocess.py","lineno":106}
{"timestamp":"2025-11-21T14:09:48.169314Z","level":"info","event":"#8 1.491 Collecting certifi==2025.10.5 (from -r requirements.txt (line 1))","logger":"airflow.task.hooks.airflow.providers.standard.hooks.subprocess.SubprocessHook","filename":"subprocess.py","lineno":106}
{"timestamp":"2025-11-21T14:09:48.379265Z","level":"info","event":"#8 1.584   Downloading certifi-2025.10.5-py3-none-any.whl.metadata (2.5 kB)","logger":"airflow.task.hooks.airflow.providers.standard.hooks.subprocess.SubprocessHook","filename":"subprocess.py","lineno":106}
{"timestamp":"2025-11-21T14:09:48.379431Z","level":"info","event":"#8 1.701 Collecting charset-normalizer==3.4.4 (from -r requirements.txt (line 2))","logger":"airflow.task.hooks.airflow.providers.standard.hooks.subprocess.SubprocessHook","filename":"subprocess.py","lineno":106}
{"timestamp":"2025-11-21T14:09:48.614475Z","level":"info","event":"#8 1.723   Downloading charset_normalizer-3.4.4-cp311-cp311-manylinux2014_aarch64.manylinux_2_17_aarch64.manylinux_2_28_aarch64.whl.metadata (37 kB)","logger":"airflow.task.hooks.airflow.providers.standard.hooks.subprocess.SubprocessHook","filename":"subprocess.py","lineno":106}
{"timestamp":"2025-11-21T14:09:48.614637Z","level":"info","event":"#8 1.769 Collecting idna==3.11 (from -r requirements.txt (line 3))","logger":"airflow.task.hooks.airflow.providers.standard.hooks.subprocess.SubprocessHook","filename":"subprocess.py","lineno":106}
{"timestamp":"2025-11-21T14:09:48.614741Z","level":"info","event":"#8 1.788   Downloading idna-3.11-py3-none-any.whl.metadata (8.4 kB)","logger":"airflow.task.hooks.airflow.providers.standard.hooks.subprocess.SubprocessHook","filename":"subprocess.py","lineno":106}
{"timestamp":"2025-11-21T14:09:48.654272Z","level":"info","event":"#8 1.976 Collecting numpy==2.3.4 (from -r requirements.txt (line 4))","logger":"airflow.task.hooks.airflow.providers.standard.hooks.subprocess.SubprocessHook","filename":"subprocess.py","lineno":106}
{"timestamp":"2025-11-21T14:09:48.836361Z","level":"info","event":"#8 1.999   Downloading numpy-2.3.4-cp311-cp311-manylinux_2_27_aarch64.manylinux_2_28_aarch64.whl.metadata (62 kB)","logger":"airflow.task.hooks.airflow.providers.standard.hooks.subprocess.SubprocessHook","filename":"subprocess.py","lineno":106}
{"timestamp":"2025-11-21T14:09:48.836540Z","level":"info","event":"#8 2.010      ━━━━━━━━━━━━━━━━━━━━━━━━━━━━━━━━━━━━━━━━ 62.1/62.1 kB 6.8 MB/s eta 0:00:00","logger":"airflow.task.hooks.airflow.providers.standard.hooks.subprocess.SubprocessHook","filename":"subprocess.py","lineno":106}
{"timestamp":"2025-11-21T14:09:48.845999Z","level":"info","event":"#8 2.170 Collecting pandas==2.3.3 (from -r requirements.txt (line 5))","logger":"airflow.task.hooks.airflow.providers.standard.hooks.subprocess.SubprocessHook","filename":"subprocess.py","lineno":106}
{"timestamp":"2025-11-21T14:09:48.969580Z","level":"info","event":"#8 2.193   Downloading pandas-2.3.3-cp311-cp311-manylinux_2_24_aarch64.manylinux_2_28_aarch64.whl.metadata (91 kB)","logger":"airflow.task.hooks.airflow.providers.standard.hooks.subprocess.SubprocessHook","filename":"subprocess.py","lineno":106}
{"timestamp":"2025-11-21T14:09:48.969704Z","level":"info","event":"#8 2.207      ━━━━━━━━━━━━━━━━━━━━━━━━━━━━━━━━━━━━━━━━ 91.2/91.2 kB 8.0 MB/s eta 0:00:00","logger":"airflow.task.hooks.airflow.providers.standard.hooks.subprocess.SubprocessHook","filename":"subprocess.py","lineno":106}
{"timestamp":"2025-11-21T14:09:48.969733Z","level":"info","event":"#8 2.294 Collecting psycopg2-binary==2.9.11 (from -r requirements.txt (line 6))","logger":"airflow.task.hooks.airflow.providers.standard.hooks.subprocess.SubprocessHook","filename":"subprocess.py","lineno":106}
{"timestamp":"2025-11-21T14:09:49.116097Z","level":"info","event":"#8 2.315   Downloading psycopg2_binary-2.9.11-cp311-cp311-manylinux2014_aarch64.manylinux_2_17_aarch64.whl.metadata (4.9 kB)","logger":"airflow.task.hooks.airflow.providers.standard.hooks.subprocess.SubprocessHook","filename":"subprocess.py","lineno":106}
{"timestamp":"2025-11-21T14:09:49.116410Z","level":"info","event":"#8 2.354 Collecting python-dateutil==2.9.0.post0 (from -r requirements.txt (line 7))","logger":"airflow.task.hooks.airflow.providers.standard.hooks.subprocess.SubprocessHook","filename":"subprocess.py","lineno":106}
{"timestamp":"2025-11-21T14:09:49.116463Z","level":"info","event":"#8 2.374   Downloading python_dateutil-2.9.0.post0-py2.py3-none-any.whl.metadata (8.4 kB)","logger":"airflow.task.hooks.airflow.providers.standard.hooks.subprocess.SubprocessHook","filename":"subprocess.py","lineno":106}
{"timestamp":"2025-11-21T14:09:49.116532Z","level":"info","event":"#8 2.440 Collecting pytz==2025.2 (from -r requirements.txt (line 8))","logger":"airflow.task.hooks.airflow.providers.standard.hooks.subprocess.SubprocessHook","filename":"subprocess.py","lineno":106}
{"timestamp":"2025-11-21T14:09:49.249228Z","level":"info","event":"#8 2.459   Downloading pytz-2025.2-py2.py3-none-any.whl.metadata (22 kB)","logger":"airflow.task.hooks.airflow.providers.standard.hooks.subprocess.SubprocessHook","filename":"subprocess.py","lineno":106}
{"timestamp":"2025-11-21T14:09:49.249407Z","level":"info","event":"#8 2.514 Collecting requests==2.32.5 (from -r requirements.txt (line 9))","logger":"airflow.task.hooks.airflow.providers.standard.hooks.subprocess.SubprocessHook","filename":"subprocess.py","lineno":106}
{"timestamp":"2025-11-21T14:09:49.249453Z","level":"info","event":"#8 2.535   Downloading requests-2.32.5-py3-none-any.whl.metadata (4.9 kB)","logger":"airflow.task.hooks.airflow.providers.standard.hooks.subprocess.SubprocessHook","filename":"subprocess.py","lineno":106}
{"timestamp":"2025-11-21T14:09:49.249477Z","level":"info","event":"#8 2.573 Collecting six==1.17.0 (from -r requirements.txt (line 10))","logger":"airflow.task.hooks.airflow.providers.standard.hooks.subprocess.SubprocessHook","filename":"subprocess.py","lineno":106}
{"timestamp":"2025-11-21T14:09:49.419435Z","level":"info","event":"#8 2.592   Downloading six-1.17.0-py2.py3-none-any.whl.metadata (1.7 kB)","logger":"airflow.task.hooks.airflow.providers.standard.hooks.subprocess.SubprocessHook","filename":"subprocess.py","lineno":106}
{"timestamp":"2025-11-21T14:09:49.524775Z","level":"info","event":"#8 2.849 Collecting SQLAlchemy==2.0.44 (from -r requirements.txt (line 11))","logger":"airflow.task.hooks.airflow.providers.standard.hooks.subprocess.SubprocessHook","filename":"subprocess.py","lineno":106}
{"timestamp":"2025-11-21T14:09:49.631367Z","level":"info","event":"#8 2.869   Downloading sqlalchemy-2.0.44-cp311-cp311-manylinux_2_17_aarch64.manylinux2014_aarch64.whl.metadata (9.5 kB)","logger":"airflow.task.hooks.airflow.providers.standard.hooks.subprocess.SubprocessHook","filename":"subprocess.py","lineno":106}
{"timestamp":"2025-11-21T14:09:49.631464Z","level":"info","event":"#8 2.935 Collecting typing_extensions==4.15.0 (from -r requirements.txt (line 12))","logger":"airflow.task.hooks.airflow.providers.standard.hooks.subprocess.SubprocessHook","filename":"subprocess.py","lineno":106}
{"timestamp":"2025-11-21T14:09:49.631491Z","level":"info","event":"#8 2.956   Downloading typing_extensions-4.15.0-py3-none-any.whl.metadata (3.3 kB)","logger":"airflow.task.hooks.airflow.providers.standard.hooks.subprocess.SubprocessHook","filename":"subprocess.py","lineno":106}
{"timestamp":"2025-11-21T14:09:49.743271Z","level":"info","event":"#8 2.990 Collecting tzdata==2025.2 (from -r requirements.txt (line 13))","logger":"airflow.task.hooks.airflow.providers.standard.hooks.subprocess.SubprocessHook","filename":"subprocess.py","lineno":106}
{"timestamp":"2025-11-21T14:09:49.743391Z","level":"info","event":"#8 3.009   Downloading tzdata-2025.2-py2.py3-none-any.whl.metadata (1.4 kB)","logger":"airflow.task.hooks.airflow.providers.standard.hooks.subprocess.SubprocessHook","filename":"subprocess.py","lineno":106}
{"timestamp":"2025-11-21T14:09:49.743417Z","level":"info","event":"#8 3.068 Collecting urllib3==2.5.0 (from -r requirements.txt (line 14))","logger":"airflow.task.hooks.airflow.providers.standard.hooks.subprocess.SubprocessHook","filename":"subprocess.py","lineno":106}
{"timestamp":"2025-11-21T14:09:49.915724Z","level":"info","event":"#8 3.089   Downloading urllib3-2.5.0-py3-none-any.whl.metadata (6.5 kB)","logger":"airflow.task.hooks.airflow.providers.standard.hooks.subprocess.SubprocessHook","filename":"subprocess.py","lineno":106}
{"timestamp":"2025-11-21T14:09:49.977224Z","level":"info","event":"#8 3.301 Collecting greenlet>=1 (from SQLAlchemy==2.0.44->-r requirements.txt (line 11))","logger":"airflow.task.hooks.airflow.providers.standard.hooks.subprocess.SubprocessHook","filename":"subprocess.py","lineno":106}
{"timestamp":"2025-11-21T14:09:50.078038Z","level":"info","event":"#8 3.321   Downloading greenlet-3.2.4-cp311-cp311-manylinux2014_aarch64.manylinux_2_17_aarch64.whl.metadata (4.1 kB)","logger":"airflow.task.hooks.airflow.providers.standard.hooks.subprocess.SubprocessHook","filename":"subprocess.py","lineno":106}
{"timestamp":"2025-11-21T14:09:50.078174Z","level":"info","event":"#8 3.358 Downloading certifi-2025.10.5-py3-none-any.whl (163 kB)","logger":"airflow.task.hooks.airflow.providers.standard.hooks.subprocess.SubprocessHook","filename":"subprocess.py","lineno":106}
{"timestamp":"2025-11-21T14:09:50.078225Z","level":"info","event":"#8 3.380    ━━━━━━━━━━━━━━━━━━━━━━━━━━━━━━━━━━━━━━━━ 163.3/163.3 kB 7.8 MB/s eta 0:00:00","logger":"airflow.task.hooks.airflow.providers.standard.hooks.subprocess.SubprocessHook","filename":"subprocess.py","lineno":106}
{"timestamp":"2025-11-21T14:09:50.078258Z","level":"info","event":"#8 3.402 Downloading charset_normalizer-3.4.4-cp311-cp311-manylinux2014_aarch64.manylinux_2_17_aarch64.manylinux_2_28_aarch64.whl (147 kB)","logger":"airflow.task.hooks.airflow.providers.standard.hooks.subprocess.SubprocessHook","filename":"subprocess.py","lineno":106}
{"timestamp":"2025-11-21T14:09:50.301452Z","level":"info","event":"#8 3.422    ━━━━━━━━━━━━━━━━━━━━━━━━━━━━━━━━━━━━━━━━ 147.3/147.3 kB 7.5 MB/s eta 0:00:00","logger":"airflow.task.hooks.airflow.providers.standard.hooks.subprocess.SubprocessHook","filename":"subprocess.py","lineno":106}
{"timestamp":"2025-11-21T14:09:50.301556Z","level":"info","event":"#8 3.441 Downloading idna-3.11-py3-none-any.whl (71 kB)","logger":"airflow.task.hooks.airflow.providers.standard.hooks.subprocess.SubprocessHook","filename":"subprocess.py","lineno":106}
{"timestamp":"2025-11-21T14:09:50.301584Z","level":"info","event":"#8 3.452    ━━━━━━━━━━━━━━━━━━━━━━━━━━━━━━━━━━━━━━━━ 71.0/71.0 kB 6.7 MB/s eta 0:00:00","logger":"airflow.task.hooks.airflow.providers.standard.hooks.subprocess.SubprocessHook","filename":"subprocess.py","lineno":106}
{"timestamp":"2025-11-21T14:09:50.301605Z","level":"info","event":"#8 3.471 Downloading numpy-2.3.4-cp311-cp311-manylinux_2_27_aarch64.manylinux_2_28_aarch64.whl (14.6 MB)","logger":"airflow.task.hooks.airflow.providers.standard.hooks.subprocess.SubprocessHook","filename":"subprocess.py","lineno":106}
{"timestamp":"2025-11-21T14:09:51.890982Z","level":"info","event":"#8 5.215    ━━━━━━━━━━━━━━━━━━━━━━━━━━━━━━━━━━━━━━━━ 14.6/14.6 MB 8.3 MB/s eta 0:00:00","logger":"airflow.task.hooks.airflow.providers.standard.hooks.subprocess.SubprocessHook","filename":"subprocess.py","lineno":106}
{"timestamp":"2025-11-21T14:09:52.063232Z","level":"info","event":"#8 5.236 Downloading pandas-2.3.3-cp311-cp311-manylinux_2_24_aarch64.manylinux_2_28_aarch64.whl (12.2 MB)","logger":"airflow.task.hooks.airflow.providers.standard.hooks.subprocess.SubprocessHook","filename":"subprocess.py","lineno":106}
{"timestamp":"2025-11-21T14:09:53.393529Z","level":"info","event":"#8 6.717    ━━━━━━━━━━━━━━━━━━━━━━━━━━━━━━━━━━━━━━━━ 12.2/12.2 MB 8.2 MB/s eta 0:00:00","logger":"airflow.task.hooks.airflow.providers.standard.hooks.subprocess.SubprocessHook","filename":"subprocess.py","lineno":106}
{"timestamp":"2025-11-21T14:09:53.563100Z","level":"info","event":"#8 6.737 Downloading psycopg2_binary-2.9.11-cp311-cp311-manylinux2014_aarch64.manylinux_2_17_aarch64.whl (4.4 MB)","logger":"airflow.task.hooks.airflow.providers.standard.hooks.subprocess.SubprocessHook","filename":"subprocess.py","lineno":106}
{"timestamp":"2025-11-21T14:09:54.083658Z","level":"info","event":"#8 7.264    ━━━━━━━━━━━━━━━━━━━━━━━━━━━━━━━━━━━━━━━━ 4.4/4.4 MB 8.4 MB/s eta 0:00:00","logger":"airflow.task.hooks.airflow.providers.standard.hooks.subprocess.SubprocessHook","filename":"subprocess.py","lineno":106}
{"timestamp":"2025-11-21T14:09:54.083855Z","level":"info","event":"#8 7.283 Downloading python_dateutil-2.9.0.post0-py2.py3-none-any.whl (229 kB)","logger":"airflow.task.hooks.airflow.providers.standard.hooks.subprocess.SubprocessHook","filename":"subprocess.py","lineno":106}
{"timestamp":"2025-11-21T14:09:54.083892Z","level":"info","event":"#8 7.314    ━━━━━━━━━━━━━━━━━━━━━━━━━━━━━━━━━━━━━━━━ 229.9/229.9 kB 7.5 MB/s eta 0:00:00","logger":"airflow.task.hooks.airflow.providers.standard.hooks.subprocess.SubprocessHook","filename":"subprocess.py","lineno":106}
{"timestamp":"2025-11-21T14:09:54.083915Z","level":"info","event":"#8 7.333 Downloading pytz-2025.2-py2.py3-none-any.whl (509 kB)","logger":"airflow.task.hooks.airflow.providers.standard.hooks.subprocess.SubprocessHook","filename":"subprocess.py","lineno":106}
{"timestamp":"2025-11-21T14:09:54.083936Z","level":"info","event":"#8 7.408    ━━━━━━━━━━━━━━━━━━━━━━━━━━━━━━━━━━━━━━━━ 509.2/509.2 kB 6.9 MB/s eta 0:00:00","logger":"airflow.task.hooks.airflow.providers.standard.hooks.subprocess.SubprocessHook","filename":"subprocess.py","lineno":106}
{"timestamp":"2025-11-21T14:09:54.321795Z","level":"info","event":"#8 7.433 Downloading requests-2.32.5-py3-none-any.whl (64 kB)","logger":"airflow.task.hooks.airflow.providers.standard.hooks.subprocess.SubprocessHook","filename":"subprocess.py","lineno":106}
{"timestamp":"2025-11-21T14:09:54.321954Z","level":"info","event":"#8 7.447    ━━━━━━━━━━━━━━━━━━━━━━━━━━━━━━━━━━━━━━━━ 64.7/64.7 kB 4.6 MB/s eta 0:00:00","logger":"airflow.task.hooks.airflow.providers.standard.hooks.subprocess.SubprocessHook","filename":"subprocess.py","lineno":106}
{"timestamp":"2025-11-21T14:09:54.321986Z","level":"info","event":"#8 7.467 Downloading six-1.17.0-py2.py3-none-any.whl (11 kB)","logger":"airflow.task.hooks.airflow.providers.standard.hooks.subprocess.SubprocessHook","filename":"subprocess.py","lineno":106}
{"timestamp":"2025-11-21T14:09:54.322008Z","level":"info","event":"#8 7.494 Downloading sqlalchemy-2.0.44-cp311-cp311-manylinux_2_17_aarch64.manylinux2014_aarch64.whl (3.3 MB)","logger":"airflow.task.hooks.airflow.providers.standard.hooks.subprocess.SubprocessHook","filename":"subprocess.py","lineno":106}
{"timestamp":"2025-11-21T14:09:54.899963Z","level":"info","event":"#8 8.087    ━━━━━━━━━━━━━━━━━━━━━━━━━━━━━━━━━━━━━━━━ 3.3/3.3 MB 5.6 MB/s eta 0:00:00","logger":"airflow.task.hooks.airflow.providers.standard.hooks.subprocess.SubprocessHook","filename":"subprocess.py","lineno":106}
{"timestamp":"2025-11-21T14:09:54.900145Z","level":"info","event":"#8 8.120 Downloading typing_extensions-4.15.0-py3-none-any.whl (44 kB)","logger":"airflow.task.hooks.airflow.providers.standard.hooks.subprocess.SubprocessHook","filename":"subprocess.py","lineno":106}
{"timestamp":"2025-11-21T14:09:54.900204Z","level":"info","event":"#8 8.133    ━━━━━━━━━━━━━━━━━━━━━━━━━━━━━━━━━━━━━━━━ 44.6/44.6 kB 3.3 MB/s eta 0:00:00","logger":"airflow.task.hooks.airflow.providers.standard.hooks.subprocess.SubprocessHook","filename":"subprocess.py","lineno":106}
{"timestamp":"2025-11-21T14:09:54.900252Z","level":"info","event":"#8 8.159 Downloading tzdata-2025.2-py2.py3-none-any.whl (347 kB)","logger":"airflow.task.hooks.airflow.providers.standard.hooks.subprocess.SubprocessHook","filename":"subprocess.py","lineno":106}
{"timestamp":"2025-11-21T14:09:55.079120Z","level":"info","event":"#8 8.224    ━━━━━━━━━━━━━━━━━━━━━━━━━━━━━━━━━━━━━━━━ 347.8/347.8 kB 5.4 MB/s eta 0:00:00","logger":"airflow.task.hooks.airflow.providers.standard.hooks.subprocess.SubprocessHook","filename":"subprocess.py","lineno":106}
{"timestamp":"2025-11-21T14:09:55.079352Z","level":"info","event":"#8 8.262 Downloading urllib3-2.5.0-py3-none-any.whl (129 kB)","logger":"airflow.task.hooks.airflow.providers.standard.hooks.subprocess.SubprocessHook","filename":"subprocess.py","lineno":106}
{"timestamp":"2025-11-21T14:09:55.079417Z","level":"info","event":"#8 8.292    ━━━━━━━━━━━━━━━━━━━━━━━━━━━━━━━━━━━━━━━━ 129.8/129.8 kB 4.4 MB/s eta 0:00:00","logger":"airflow.task.hooks.airflow.providers.standard.hooks.subprocess.SubprocessHook","filename":"subprocess.py","lineno":106}
{"timestamp":"2025-11-21T14:09:55.079486Z","level":"info","event":"#8 8.323 Downloading greenlet-3.2.4-cp311-cp311-manylinux2014_aarch64.manylinux_2_17_aarch64.whl (632 kB)","logger":"airflow.task.hooks.airflow.providers.standard.hooks.subprocess.SubprocessHook","filename":"subprocess.py","lineno":106}
{"timestamp":"2025-11-21T14:09:55.079543Z","level":"info","event":"#8 8.403    ━━━━━━━━━━━━━━━━━━━━━━━━━━━━━━━━━━━━━━━━ 632.5/632.5 kB 8.0 MB/s eta 0:00:00","logger":"airflow.task.hooks.airflow.providers.standard.hooks.subprocess.SubprocessHook","filename":"subprocess.py","lineno":106}
{"timestamp":"2025-11-21T14:09:55.222883Z","level":"info","event":"#8 8.547 Installing collected packages: pytz, urllib3, tzdata, typing_extensions, six, psycopg2-binary, numpy, idna, greenlet, charset-normalizer, certifi, SQLAlchemy, requests, python-dateutil, pandas","logger":"airflow.task.hooks.airflow.providers.standard.hooks.subprocess.SubprocessHook","filename":"subprocess.py","lineno":106}
{"timestamp":"2025-11-21T14:09:59.915715Z","level":"info","event":"#8 13.24 Successfully installed SQLAlchemy-2.0.44 certifi-2025.10.5 charset-normalizer-3.4.4 greenlet-3.2.4 idna-3.11 numpy-2.3.4 pandas-2.3.3 psycopg2-binary-2.9.11 python-dateutil-2.9.0.post0 pytz-2025.2 requests-2.32.5 six-1.17.0 typing_extensions-4.15.0 tzdata-2025.2 urllib3-2.5.0","logger":"airflow.task.hooks.airflow.providers.standard.hooks.subprocess.SubprocessHook","filename":"subprocess.py","lineno":106}
{"timestamp":"2025-11-21T14:10:00.044771Z","level":"info","event":"#8 13.24 WARNING: Running pip as the 'root' user can result in broken permissions and conflicting behaviour with the system package manager. It is recommended to use a virtual environment instead: https://pip.pypa.io/warnings/venv","logger":"airflow.task.hooks.airflow.providers.standard.hooks.subprocess.SubprocessHook","filename":"subprocess.py","lineno":106}
{"timestamp":"2025-11-21T14:10:00.044935Z","level":"info","event":"#8 13.37","logger":"airflow.task.hooks.airflow.providers.standard.hooks.subprocess.SubprocessHook","filename":"subprocess.py","lineno":106}
{"timestamp":"2025-11-21T14:10:00.045185Z","level":"info","event":"#8 13.37 [notice] A new release of pip is available: 24.0 -> 25.3","logger":"airflow.task.hooks.airflow.providers.standard.hooks.subprocess.SubprocessHook","filename":"subprocess.py","lineno":106}
{"timestamp":"2025-11-21T14:10:00.045225Z","level":"info","event":"#8 13.37 [notice] To update, run: pip install --upgrade pip","logger":"airflow.task.hooks.airflow.providers.standard.hooks.subprocess.SubprocessHook","filename":"subprocess.py","lineno":106}
{"timestamp":"2025-11-21T14:10:00.428994Z","level":"info","event":"#8 DONE 13.8s","logger":"airflow.task.hooks.airflow.providers.standard.hooks.subprocess.SubprocessHook","filename":"subprocess.py","lineno":106}
{"timestamp":"2025-11-21T14:10:00.628014Z","level":"info","event":"","logger":"airflow.task.hooks.airflow.providers.standard.hooks.subprocess.SubprocessHook","filename":"subprocess.py","lineno":106}
{"timestamp":"2025-11-21T14:10:00.628117Z","level":"info","event":"#9 [app 5/5] COPY main.py .","logger":"airflow.task.hooks.airflow.providers.standard.hooks.subprocess.SubprocessHook","filename":"subprocess.py","lineno":106}
{"timestamp":"2025-11-21T14:10:00.628161Z","level":"info","event":"#9 DONE 0.0s","logger":"airflow.task.hooks.airflow.providers.standard.hooks.subprocess.SubprocessHook","filename":"subprocess.py","lineno":106}
{"timestamp":"2025-11-21T14:10:00.628179Z","level":"info","event":"","logger":"airflow.task.hooks.airflow.providers.standard.hooks.subprocess.SubprocessHook","filename":"subprocess.py","lineno":106}
{"timestamp":"2025-11-21T14:10:00.628217Z","level":"info","event":"#10 [app] exporting to image","logger":"airflow.task.hooks.airflow.providers.standard.hooks.subprocess.SubprocessHook","filename":"subprocess.py","lineno":106}
{"timestamp":"2025-11-21T14:10:00.628232Z","level":"info","event":"#10 exporting layers","logger":"airflow.task.hooks.airflow.providers.standard.hooks.subprocess.SubprocessHook","filename":"subprocess.py","lineno":106}
{"timestamp":"2025-11-21T14:10:05.766555Z","level":"info","event":"#10 exporting layers 5.3s done","logger":"airflow.task.hooks.airflow.providers.standard.hooks.subprocess.SubprocessHook","filename":"subprocess.py","lineno":106}
{"timestamp":"2025-11-21T14:10:05.766827Z","level":"info","event":"#10 exporting manifest sha256:18e4c6b2a2319176de4a813d87e8e7556704a86ddc897a0f78a43fc4f28176d7","logger":"airflow.task.hooks.airflow.providers.standard.hooks.subprocess.SubprocessHook","filename":"subprocess.py","lineno":106}
{"timestamp":"2025-11-21T14:10:05.944002Z","level":"info","event":"#10 exporting manifest sha256:18e4c6b2a2319176de4a813d87e8e7556704a86ddc897a0f78a43fc4f28176d7 done","logger":"airflow.task.hooks.airflow.providers.standard.hooks.subprocess.SubprocessHook","filename":"subprocess.py","lineno":106}
{"timestamp":"2025-11-21T14:10:05.944114Z","level":"info","event":"#10 exporting config sha256:238f2ddc06d5c9d7fa18fda27f6fbbe86d98f1f183a6262f65e548a8493e16bd done","logger":"airflow.task.hooks.airflow.providers.standard.hooks.subprocess.SubprocessHook","filename":"subprocess.py","lineno":106}
{"timestamp":"2025-11-21T14:10:05.944139Z","level":"info","event":"#10 exporting attestation manifest sha256:735158c54d06e434d1aa46fd8a0f6a27be37ed39c7c3822a8b6d2704fb2a0aa1 done","logger":"airflow.task.hooks.airflow.providers.standard.hooks.subprocess.SubprocessHook","filename":"subprocess.py","lineno":106}
{"timestamp":"2025-11-21T14:10:05.944157Z","level":"info","event":"#10 exporting manifest list sha256:4758474bd2af776670a7c00edeff828a5f01ab61ce22291ba35fdf550850cfcd done","logger":"airflow.task.hooks.airflow.providers.standard.hooks.subprocess.SubprocessHook","filename":"subprocess.py","lineno":106}
{"timestamp":"2025-11-21T14:10:05.944188Z","level":"info","event":"#10 naming to docker.io/library/my_job_pipeline-app:latest done","logger":"airflow.task.hooks.airflow.providers.standard.hooks.subprocess.SubprocessHook","filename":"subprocess.py","lineno":106}
{"timestamp":"2025-11-21T14:10:05.944211Z","level":"info","event":"#10 unpacking to docker.io/library/my_job_pipeline-app:latest","logger":"airflow.task.hooks.airflow.providers.standard.hooks.subprocess.SubprocessHook","filename":"subprocess.py","lineno":106}
{"timestamp":"2025-11-21T14:10:06.901246Z","level":"info","event":"#10 unpacking to docker.io/library/my_job_pipeline-app:latest 1.1s done","logger":"airflow.task.hooks.airflow.providers.standard.hooks.subprocess.SubprocessHook","filename":"subprocess.py","lineno":106}
{"timestamp":"2025-11-21T14:10:06.981205Z","level":"info","event":"#10 DONE 6.4s","logger":"airflow.task.hooks.airflow.providers.standard.hooks.subprocess.SubprocessHook","filename":"subprocess.py","lineno":106}
{"timestamp":"2025-11-21T14:10:06.981329Z","level":"info","event":"","logger":"airflow.task.hooks.airflow.providers.standard.hooks.subprocess.SubprocessHook","filename":"subprocess.py","lineno":106}
{"timestamp":"2025-11-21T14:10:06.981354Z","level":"info","event":"#11 [app] resolving provenance for metadata file","logger":"airflow.task.hooks.airflow.providers.standard.hooks.subprocess.SubprocessHook","filename":"subprocess.py","lineno":106}
{"timestamp":"2025-11-21T14:10:06.981372Z","level":"info","event":"#11 DONE 0.0s","logger":"airflow.task.hooks.airflow.providers.standard.hooks.subprocess.SubprocessHook","filename":"subprocess.py","lineno":106}
{"timestamp":"2025-11-21T14:10:06.981391Z","level":"info","event":" app  Built","logger":"airflow.task.hooks.airflow.providers.standard.hooks.subprocess.SubprocessHook","filename":"subprocess.py","lineno":106}
{"timestamp":"2025-11-21T14:10:06.998089Z","level":"info","event":" Container my-python-app-compose  Recreate","logger":"airflow.task.hooks.airflow.providers.standard.hooks.subprocess.SubprocessHook","filename":"subprocess.py","lineno":106}
{"timestamp":"2025-11-21T14:10:07.520143Z","level":"info","event":" Container my-python-app-compose  Recreated","logger":"airflow.task.hooks.airflow.providers.standard.hooks.subprocess.SubprocessHook","filename":"subprocess.py","lineno":106}
{"timestamp":"2025-11-21T14:10:07.550129Z","level":"info","event":" Container my-postgres-db-compose  Starting","logger":"airflow.task.hooks.airflow.providers.standard.hooks.subprocess.SubprocessHook","filename":"subprocess.py","lineno":106}
{"timestamp":"2025-11-21T14:10:07.554678Z","level":"info","event":"Error response from daemon: ports are not available: exposing port TCP 0.0.0.0:5432 -> 127.0.0.1:0: listen tcp 0.0.0.0:5432: bind: address already in use","logger":"airflow.task.hooks.airflow.providers.standard.hooks.subprocess.SubprocessHook","filename":"subprocess.py","lineno":106}
{"timestamp":"2025-11-21T14:10:07.560694Z","level":"info","event":"Command exited with return code 1","logger":"airflow.task.hooks.airflow.providers.standard.hooks.subprocess.SubprocessHook","filename":"subprocess.py","lineno":110}
{"timestamp":"2025-11-21T14:10:07.562989Z","level":"error","event":"Task failed with exception","logger":"task","filename":"task_runner.py","lineno":972,"error_detail":[{"exc_type":"AirflowException","exc_value":"Bash command failed. The command returned a non-zero exit code 1.","exc_notes":[],"syntax_error":null,"is_cause":false,"frames":[{"filename":"/home/airflow/.local/lib/python3.12/site-packages/airflow/sdk/execution_time/task_runner.py","lineno":920,"name":"run"},{"filename":"/home/airflow/.local/lib/python3.12/site-packages/airflow/sdk/execution_time/task_runner.py","lineno":1307,"name":"_execute_task"},{"filename":"/home/airflow/.local/lib/python3.12/site-packages/airflow/sdk/bases/operator.py","lineno":416,"name":"wrapper"},{"filename":"/home/airflow/.local/lib/python3.12/site-packages/airflow/providers/standard/operators/bash.py","lineno":232,"name":"execute"}],"is_group":false,"exceptions":[]}]}
{"timestamp":"2025-11-21T14:10:07.636004Z","level":"info","event":"Task instance in failure state","logger":"task.stdout"}
{"timestamp":"2025-11-21T14:10:07.636897Z","level":"info","event":"Task start","logger":"task.stdout"}
{"timestamp":"2025-11-21T14:10:07.637025Z","level":"info","event":"Task:<Task(BashOperator): run_docker_compose_etl>","logger":"task.stdout"}
{"timestamp":"2025-11-21T14:10:07.637165Z","level":"info","event":"Failure caused by Bash command failed. The command returned a non-zero exit code 1.","logger":"task.stdout"}
