{"timestamp":"2025-11-08T08:15:40.872643Z","level":"info","event":"DAG bundles loaded: dags-folder, example_dags","logger":"airflow.dag_processing.bundles.manager.DagBundlesManager","filename":"manager.py","lineno":179}
{"timestamp":"2025-11-08T08:15:40.873781Z","level":"info","event":"Filling up the DagBag from /opt/airflow/dags/my_article_pipeline.py","logger":"airflow.models.dagbag.DagBag","filename":"dagbag.py","lineno":593}
{"timestamp":"2025-11-08T08:15:40.939402Z","level":"info","event":"Task instance is in running state","logger":"task.stdout"}
{"timestamp":"2025-11-08T08:15:40.940227Z","level":"info","event":" Previous state of the Task instance: TaskInstanceState.QUEUED","logger":"task.stdout"}
{"timestamp":"2025-11-08T08:15:40.941094Z","level":"info","event":"Current task name:run_docker_compose_etl","logger":"task.stdout"}
{"timestamp":"2025-11-08T08:15:40.941272Z","level":"info","event":"Dag name:my_article_pipeline","logger":"task.stdout"}
{"timestamp":"2025-11-08T08:15:40.941373Z","level":"info","event":"Tmp dir root location: /tmp","logger":"airflow.task.hooks.airflow.providers.standard.hooks.subprocess.SubprocessHook","filename":"subprocess.py","lineno":78}
{"timestamp":"2025-11-08T08:15:40.942271Z","level":"info","event":"Running command: ['/usr/bin/bash', '-c', 'docker compose up -d --build && docker compose ps']","logger":"airflow.task.hooks.airflow.providers.standard.hooks.subprocess.SubprocessHook","filename":"subprocess.py","lineno":88}
{"timestamp":"2025-11-08T08:15:40.953466Z","level":"info","event":"Output:","logger":"airflow.task.hooks.airflow.providers.standard.hooks.subprocess.SubprocessHook","filename":"subprocess.py","lineno":99}
{"timestamp":"2025-11-08T08:15:41.306886Z","level":"info","event":"time=\"2025-11-08T08:15:41Z\" level=warning msg=\"Docker Compose is configured to build using Bake, but buildx isn't installed\"","logger":"airflow.task.hooks.airflow.providers.standard.hooks.subprocess.SubprocessHook","filename":"subprocess.py","lineno":106}
{"timestamp":"2025-11-08T08:15:41.467362Z","level":"info","event":"#0 building with \"default\" instance using docker driver","logger":"airflow.task.hooks.airflow.providers.standard.hooks.subprocess.SubprocessHook","filename":"subprocess.py","lineno":106}
{"timestamp":"2025-11-08T08:15:41.467878Z","level":"info","event":"","logger":"airflow.task.hooks.airflow.providers.standard.hooks.subprocess.SubprocessHook","filename":"subprocess.py","lineno":106}
{"timestamp":"2025-11-08T08:15:41.467967Z","level":"info","event":"#1 [app internal] load build definition from Dockerfile","logger":"airflow.task.hooks.airflow.providers.standard.hooks.subprocess.SubprocessHook","filename":"subprocess.py","lineno":106}
{"timestamp":"2025-11-08T08:15:41.637891Z","level":"info","event":"#1 transferring dockerfile: 439B done","logger":"airflow.task.hooks.airflow.providers.standard.hooks.subprocess.SubprocessHook","filename":"subprocess.py","lineno":106}
{"timestamp":"2025-11-08T08:15:41.638011Z","level":"info","event":"#1 DONE 0.0s","logger":"airflow.task.hooks.airflow.providers.standard.hooks.subprocess.SubprocessHook","filename":"subprocess.py","lineno":106}
{"timestamp":"2025-11-08T08:15:41.638045Z","level":"info","event":"","logger":"airflow.task.hooks.airflow.providers.standard.hooks.subprocess.SubprocessHook","filename":"subprocess.py","lineno":106}
{"timestamp":"2025-11-08T08:15:41.638063Z","level":"info","event":"#2 [app internal] load metadata for docker.io/library/python:3.11-slim","logger":"airflow.task.hooks.airflow.providers.standard.hooks.subprocess.SubprocessHook","filename":"subprocess.py","lineno":106}
{"timestamp":"2025-11-08T08:15:42.377255Z","level":"info","event":"#2 DONE 0.9s","logger":"airflow.task.hooks.airflow.providers.standard.hooks.subprocess.SubprocessHook","filename":"subprocess.py","lineno":106}
{"timestamp":"2025-11-08T08:15:42.522337Z","level":"info","event":"","logger":"airflow.task.hooks.airflow.providers.standard.hooks.subprocess.SubprocessHook","filename":"subprocess.py","lineno":106}
{"timestamp":"2025-11-08T08:15:42.522463Z","level":"info","event":"#3 [app internal] load .dockerignore","logger":"airflow.task.hooks.airflow.providers.standard.hooks.subprocess.SubprocessHook","filename":"subprocess.py","lineno":106}
{"timestamp":"2025-11-08T08:15:42.522493Z","level":"info","event":"#3 transferring context: 2B done","logger":"airflow.task.hooks.airflow.providers.standard.hooks.subprocess.SubprocessHook","filename":"subprocess.py","lineno":106}
{"timestamp":"2025-11-08T08:15:42.522537Z","level":"info","event":"#3 DONE 0.0s","logger":"airflow.task.hooks.airflow.providers.standard.hooks.subprocess.SubprocessHook","filename":"subprocess.py","lineno":106}
{"timestamp":"2025-11-08T08:15:42.522572Z","level":"info","event":"","logger":"airflow.task.hooks.airflow.providers.standard.hooks.subprocess.SubprocessHook","filename":"subprocess.py","lineno":106}
{"timestamp":"2025-11-08T08:15:42.522598Z","level":"info","event":"#4 [app internal] load build context","logger":"airflow.task.hooks.airflow.providers.standard.hooks.subprocess.SubprocessHook","filename":"subprocess.py","lineno":106}
{"timestamp":"2025-11-08T08:15:42.522613Z","level":"info","event":"#4 transferring context: 65B done","logger":"airflow.task.hooks.airflow.providers.standard.hooks.subprocess.SubprocessHook","filename":"subprocess.py","lineno":106}
{"timestamp":"2025-11-08T08:15:42.522628Z","level":"info","event":"#4 DONE 0.0s","logger":"airflow.task.hooks.airflow.providers.standard.hooks.subprocess.SubprocessHook","filename":"subprocess.py","lineno":106}
{"timestamp":"2025-11-08T08:15:42.522644Z","level":"info","event":"","logger":"airflow.task.hooks.airflow.providers.standard.hooks.subprocess.SubprocessHook","filename":"subprocess.py","lineno":106}
{"timestamp":"2025-11-08T08:15:42.522659Z","level":"info","event":"#5 [app 1/5] FROM docker.io/library/python:3.11-slim@sha256:fa9b525a0be0c5ae5e6f2209f4be6fdc5a15a36fed0222144d98ac0d08f876d4","logger":"airflow.task.hooks.airflow.providers.standard.hooks.subprocess.SubprocessHook","filename":"subprocess.py","lineno":106}
{"timestamp":"2025-11-08T08:15:42.522677Z","level":"info","event":"#5 resolve docker.io/library/python:3.11-slim@sha256:fa9b525a0be0c5ae5e6f2209f4be6fdc5a15a36fed0222144d98ac0d08f876d4 0.0s done","logger":"airflow.task.hooks.airflow.providers.standard.hooks.subprocess.SubprocessHook","filename":"subprocess.py","lineno":106}
{"timestamp":"2025-11-08T08:15:42.522704Z","level":"info","event":"#5 DONE 0.0s","logger":"airflow.task.hooks.airflow.providers.standard.hooks.subprocess.SubprocessHook","filename":"subprocess.py","lineno":106}
{"timestamp":"2025-11-08T08:15:42.522720Z","level":"info","event":"","logger":"airflow.task.hooks.airflow.providers.standard.hooks.subprocess.SubprocessHook","filename":"subprocess.py","lineno":106}
{"timestamp":"2025-11-08T08:15:42.522735Z","level":"info","event":"#6 [app 3/5] COPY requirements.txt .","logger":"airflow.task.hooks.airflow.providers.standard.hooks.subprocess.SubprocessHook","filename":"subprocess.py","lineno":106}
{"timestamp":"2025-11-08T08:15:42.522748Z","level":"info","event":"#6 CACHED","logger":"airflow.task.hooks.airflow.providers.standard.hooks.subprocess.SubprocessHook","filename":"subprocess.py","lineno":106}
{"timestamp":"2025-11-08T08:15:42.522771Z","level":"info","event":"","logger":"airflow.task.hooks.airflow.providers.standard.hooks.subprocess.SubprocessHook","filename":"subprocess.py","lineno":106}
{"timestamp":"2025-11-08T08:15:42.522793Z","level":"info","event":"#7 [app 4/5] RUN pip install -r requirements.txt","logger":"airflow.task.hooks.airflow.providers.standard.hooks.subprocess.SubprocessHook","filename":"subprocess.py","lineno":106}
{"timestamp":"2025-11-08T08:15:42.522813Z","level":"info","event":"#7 CACHED","logger":"airflow.task.hooks.airflow.providers.standard.hooks.subprocess.SubprocessHook","filename":"subprocess.py","lineno":106}
{"timestamp":"2025-11-08T08:15:42.522915Z","level":"info","event":"","logger":"airflow.task.hooks.airflow.providers.standard.hooks.subprocess.SubprocessHook","filename":"subprocess.py","lineno":106}
{"timestamp":"2025-11-08T08:15:42.522981Z","level":"info","event":"#8 [app 2/5] WORKDIR /app","logger":"airflow.task.hooks.airflow.providers.standard.hooks.subprocess.SubprocessHook","filename":"subprocess.py","lineno":106}
{"timestamp":"2025-11-08T08:15:42.523030Z","level":"info","event":"#8 CACHED","logger":"airflow.task.hooks.airflow.providers.standard.hooks.subprocess.SubprocessHook","filename":"subprocess.py","lineno":106}
{"timestamp":"2025-11-08T08:15:42.523071Z","level":"info","event":"","logger":"airflow.task.hooks.airflow.providers.standard.hooks.subprocess.SubprocessHook","filename":"subprocess.py","lineno":106}
{"timestamp":"2025-11-08T08:15:42.523105Z","level":"info","event":"#9 [app 5/5] COPY main.py .","logger":"airflow.task.hooks.airflow.providers.standard.hooks.subprocess.SubprocessHook","filename":"subprocess.py","lineno":106}
{"timestamp":"2025-11-08T08:15:42.523124Z","level":"info","event":"#9 CACHED","logger":"airflow.task.hooks.airflow.providers.standard.hooks.subprocess.SubprocessHook","filename":"subprocess.py","lineno":106}
{"timestamp":"2025-11-08T08:15:42.523140Z","level":"info","event":"","logger":"airflow.task.hooks.airflow.providers.standard.hooks.subprocess.SubprocessHook","filename":"subprocess.py","lineno":106}
{"timestamp":"2025-11-08T08:15:42.523190Z","level":"info","event":"#10 [app] exporting to image","logger":"airflow.task.hooks.airflow.providers.standard.hooks.subprocess.SubprocessHook","filename":"subprocess.py","lineno":106}
{"timestamp":"2025-11-08T08:15:42.523210Z","level":"info","event":"#10 exporting layers done","logger":"airflow.task.hooks.airflow.providers.standard.hooks.subprocess.SubprocessHook","filename":"subprocess.py","lineno":106}
{"timestamp":"2025-11-08T08:15:42.523226Z","level":"info","event":"#10 exporting manifest sha256:9d43d63a28cb99372b3e13f195c0a670264d97498ced3b9de272d1566f85c512 done","logger":"airflow.task.hooks.airflow.providers.standard.hooks.subprocess.SubprocessHook","filename":"subprocess.py","lineno":106}
{"timestamp":"2025-11-08T08:15:42.523253Z","level":"info","event":"#10 exporting config sha256:b266f1749145a06b9ddc9c24e78eb460c40b2d260c566d7480f20acebe5e7aca done","logger":"airflow.task.hooks.airflow.providers.standard.hooks.subprocess.SubprocessHook","filename":"subprocess.py","lineno":106}
{"timestamp":"2025-11-08T08:15:42.523283Z","level":"info","event":"#10 exporting attestation manifest sha256:1ff12557ec8da4d8f2344c6450bc59d6f0e0801d7360a7717dc8926f2d72c7d5 0.0s done","logger":"airflow.task.hooks.airflow.providers.standard.hooks.subprocess.SubprocessHook","filename":"subprocess.py","lineno":106}
{"timestamp":"2025-11-08T08:15:42.523303Z","level":"info","event":"#10 exporting manifest list sha256:72db96464403cdb3d80e05416151f4574e4f7b045f855f545545a92f1729dd3c done","logger":"airflow.task.hooks.airflow.providers.standard.hooks.subprocess.SubprocessHook","filename":"subprocess.py","lineno":106}
{"timestamp":"2025-11-08T08:15:42.523321Z","level":"info","event":"#10 naming to docker.io/library/my_job_pipeline-app:latest done","logger":"airflow.task.hooks.airflow.providers.standard.hooks.subprocess.SubprocessHook","filename":"subprocess.py","lineno":106}
{"timestamp":"2025-11-08T08:15:42.523336Z","level":"info","event":"#10 unpacking to docker.io/library/my_job_pipeline-app:latest done","logger":"airflow.task.hooks.airflow.providers.standard.hooks.subprocess.SubprocessHook","filename":"subprocess.py","lineno":106}
{"timestamp":"2025-11-08T08:15:42.523359Z","level":"info","event":"#10 DONE 0.1s","logger":"airflow.task.hooks.airflow.providers.standard.hooks.subprocess.SubprocessHook","filename":"subprocess.py","lineno":106}
{"timestamp":"2025-11-08T08:15:42.523391Z","level":"info","event":"","logger":"airflow.task.hooks.airflow.providers.standard.hooks.subprocess.SubprocessHook","filename":"subprocess.py","lineno":106}
{"timestamp":"2025-11-08T08:15:42.523408Z","level":"info","event":"#11 [app] resolving provenance for metadata file","logger":"airflow.task.hooks.airflow.providers.standard.hooks.subprocess.SubprocessHook","filename":"subprocess.py","lineno":106}
{"timestamp":"2025-11-08T08:15:42.534463Z","level":"info","event":"#11 DONE 0.0s","logger":"airflow.task.hooks.airflow.providers.standard.hooks.subprocess.SubprocessHook","filename":"subprocess.py","lineno":106}
{"timestamp":"2025-11-08T08:15:42.534574Z","level":"info","event":" app  Built","logger":"airflow.task.hooks.airflow.providers.standard.hooks.subprocess.SubprocessHook","filename":"subprocess.py","lineno":106}
{"timestamp":"2025-11-08T08:15:42.557734Z","level":"info","event":" Container my-postgres-db-compose  Running","logger":"airflow.task.hooks.airflow.providers.standard.hooks.subprocess.SubprocessHook","filename":"subprocess.py","lineno":106}
{"timestamp":"2025-11-08T08:15:42.557890Z","level":"info","event":" Container my-python-app-compose  Recreate","logger":"airflow.task.hooks.airflow.providers.standard.hooks.subprocess.SubprocessHook","filename":"subprocess.py","lineno":106}
{"timestamp":"2025-11-08T08:15:42.674472Z","level":"info","event":" Container my-python-app-compose  Recreated","logger":"airflow.task.hooks.airflow.providers.standard.hooks.subprocess.SubprocessHook","filename":"subprocess.py","lineno":106}
{"timestamp":"2025-11-08T08:15:42.716214Z","level":"info","event":" Container my-postgres-db-compose  Waiting","logger":"airflow.task.hooks.airflow.providers.standard.hooks.subprocess.SubprocessHook","filename":"subprocess.py","lineno":106}
{"timestamp":"2025-11-08T08:15:43.223989Z","level":"info","event":" Container my-postgres-db-compose  Healthy","logger":"airflow.task.hooks.airflow.providers.standard.hooks.subprocess.SubprocessHook","filename":"subprocess.py","lineno":106}
{"timestamp":"2025-11-08T08:15:43.224247Z","level":"info","event":" Container my-python-app-compose  Starting","logger":"airflow.task.hooks.airflow.providers.standard.hooks.subprocess.SubprocessHook","filename":"subprocess.py","lineno":106}
{"timestamp":"2025-11-08T08:15:43.378310Z","level":"info","event":" Container my-python-app-compose  Started","logger":"airflow.task.hooks.airflow.providers.standard.hooks.subprocess.SubprocessHook","filename":"subprocess.py","lineno":106}
{"timestamp":"2025-11-08T08:15:43.539341Z","level":"info","event":"NAME                     IMAGE                 COMMAND                  SERVICE   CREATED        STATUS                  PORTS","logger":"airflow.task.hooks.airflow.providers.standard.hooks.subprocess.SubprocessHook","filename":"subprocess.py","lineno":106}
{"timestamp":"2025-11-08T08:15:43.539727Z","level":"info","event":"my-postgres-db-compose   postgres:latest       \"docker-entrypoint.s…\"   db        14 hours ago   Up 14 hours (healthy)   0.0.0.0:5432->5432/tcp, [::]:5432->5432/tcp","logger":"airflow.task.hooks.airflow.providers.standard.hooks.subprocess.SubprocessHook","filename":"subprocess.py","lineno":106}
{"timestamp":"2025-11-08T08:15:43.539949Z","level":"info","event":"my-python-app-compose    my_job_pipeline-app   \"python3 main.py\"        app       1 second ago   Up Less than a second","logger":"airflow.task.hooks.airflow.providers.standard.hooks.subprocess.SubprocessHook","filename":"subprocess.py","lineno":106}
{"timestamp":"2025-11-08T08:15:43.545893Z","level":"info","event":"Command exited with return code 0","logger":"airflow.task.hooks.airflow.providers.standard.hooks.subprocess.SubprocessHook","filename":"subprocess.py","lineno":110}
{"timestamp":"2025-11-08T08:15:43.547817Z","level":"info","event":"Pushing xcom","ti":"RuntimeTaskInstance(id=UUID('019a6289-057d-7ba2-8a25-8663a7d7c06c'), task_id='run_docker_compose_etl', dag_id='my_article_pipeline', run_id='scheduled__2025-11-08T08:00:00+00:00', try_number=1, dag_version_id=UUID('019a60cc-d8fa-7ae9-ad5d-17ce49ac3522'), map_index=-1, hostname='97ce3f40a083', context_carrier={}, task=<Task(BashOperator): run_docker_compose_etl>, bundle_instance=LocalDagBundle(name=dags-folder), max_tries=2, start_date=datetime.datetime(2025, 11, 8, 8, 15, 39, 982921, tzinfo=datetime.timezone.utc), end_date=None, state=<TaskInstanceState.RUNNING: 'running'>, is_mapped=False, rendered_map_index=None)","logger":"task","filename":"task_runner.py","lineno":1352}
{"timestamp":"2025-11-08T08:15:43.777210Z","level":"info","event":"Task instance in success state","logger":"task.stdout"}
{"timestamp":"2025-11-08T08:15:43.782178Z","level":"info","event":" Previous state of the Task instance: TaskInstanceState.RUNNING","logger":"task.stdout"}
{"timestamp":"2025-11-08T08:15:43.782745Z","level":"info","event":"Task operator:<Task(BashOperator): run_docker_compose_etl>","logger":"task.stdout"}
