{"timestamp":"2025-11-07T17:33:49.755472Z","level":"info","event":"DAG bundles loaded: dags-folder, example_dags","logger":"airflow.dag_processing.bundles.manager.DagBundlesManager","filename":"manager.py","lineno":179}
{"timestamp":"2025-11-07T17:33:49.755971Z","level":"info","event":"Filling up the DagBag from /opt/airflow/dags/my_article_pipeline.py","logger":"airflow.models.dagbag.DagBag","filename":"dagbag.py","lineno":593}
{"timestamp":"2025-11-07T17:33:49.981972Z","level":"warning","event":"The `airflow.decorators.dag` attribute is deprecated. Please use `'airflow.sdk.dag'`.","category":"DeprecatedImportWarning","filename":"/opt/airflow/dags/my_article_pipeline.py","lineno":5,"logger":"py.warnings"}
{"timestamp":"2025-11-07T17:33:49.982056Z","level":"warning","event":"The `airflow.decorators.task` attribute is deprecated. Please use `'airflow.sdk.task'`.","category":"DeprecatedImportWarning","filename":"/opt/airflow/dags/my_article_pipeline.py","lineno":5,"logger":"py.warnings"}
{"timestamp":"2025-11-07T17:33:49.982090Z","level":"warning","event":"The `airflow.operators.empty.EmptyOperator` attribute is deprecated. Please use `'airflow.providers.standard.operators.empty.EmptyOperator'`.","category":"DeprecatedImportWarning","filename":"/opt/airflow/dags/my_article_pipeline.py","lineno":6,"logger":"py.warnings"}
{"timestamp":"2025-11-07T17:33:50.005151Z","level":"info","event":"Task instance is in running state","logger":"task.stdout"}
{"timestamp":"2025-11-07T17:33:50.008026Z","level":"info","event":" Previous state of the Task instance: TaskInstanceState.QUEUED","logger":"task.stdout"}
{"timestamp":"2025-11-07T17:33:50.008134Z","level":"info","event":"Current task name:run_docker_compose_up","logger":"task.stdout"}
{"timestamp":"2025-11-07T17:33:50.008189Z","level":"info","event":"Dag name:my_article_pipeline","logger":"task.stdout"}
{"timestamp":"2025-11-07T17:33:50.008266Z","level":"info","event":"Project directory set to: /opt/my_job_pipeline","logger":"task.stdout"}
{"timestamp":"2025-11-07T17:33:50.008320Z","level":"info","event":"Compose file path set to: /opt/my_job_pipeline/docker-compose.yml","logger":"task.stdout"}
{"timestamp":"2025-11-07T17:33:50.025060Z","level":"info","event":"Successfully connected to Docker client.","logger":"task.stdout"}
{"timestamp":"2025-11-07T17:33:50.026031Z","level":"info","event":"Finding docker compose plugin...","logger":"task.stdout"}
{"timestamp":"2025-11-07T17:33:50.026158Z","level":"info","event":"Error: Could not find 'compose' attribute on docker client.","logger":"task.stdout"}
{"timestamp":"2025-11-07T17:33:50.026276Z","level":"info","event":"This might mean the 'docker compose' plugin isn't being found.","logger":"task.stdout"}
{"timestamp":"2025-11-07T17:33:50.025356Z","level":"error","event":"Task failed with exception","logger":"task","filename":"task_runner.py","lineno":994,"error_detail":[{"exc_type":"AttributeError","exc_value":"'DockerClient' object has no attribute 'compose'","exc_notes":[],"syntax_error":null,"is_cause":false,"frames":[{"filename":"/home/airflow/.local/lib/python3.12/site-packages/airflow/sdk/execution_time/task_runner.py","lineno":920,"name":"run"},{"filename":"/home/airflow/.local/lib/python3.12/site-packages/airflow/sdk/execution_time/task_runner.py","lineno":1307,"name":"_execute_task"},{"filename":"/home/airflow/.local/lib/python3.12/site-packages/airflow/sdk/bases/operator.py","lineno":416,"name":"wrapper"},{"filename":"/home/airflow/.local/lib/python3.12/site-packages/airflow/sdk/bases/decorator.py","lineno":252,"name":"execute"},{"filename":"/home/airflow/.local/lib/python3.12/site-packages/airflow/sdk/bases/operator.py","lineno":416,"name":"wrapper"},{"filename":"/home/airflow/.local/lib/python3.12/site-packages/airflow/providers/standard/operators/python.py","lineno":216,"name":"execute"},{"filename":"/home/airflow/.local/lib/python3.12/site-packages/airflow/providers/standard/operators/python.py","lineno":239,"name":"execute_callable"},{"filename":"/home/airflow/.local/lib/python3.12/site-packages/airflow/sdk/execution_time/callback_runner.py","lineno":82,"name":"run"},{"filename":"/opt/airflow/dags/my_article_pipeline.py","lineno":31,"name":"run_docker_compose_up"},{"filename":"/home/airflow/.local/lib/python3.12/site-packages/docker/client.py","lineno":219,"name":"__getattr__"}],"is_group":false,"exceptions":[]}]}
{"timestamp":"2025-11-07T17:33:50.026837Z","level":"info","event":"Task instance in failure state","logger":"task.stdout"}
{"timestamp":"2025-11-07T17:33:50.027046Z","level":"info","event":"Task start","logger":"task.stdout"}
{"timestamp":"2025-11-07T17:33:50.027206Z","level":"info","event":"Task:<Task(_PythonDecoratedOperator): run_docker_compose_up>","logger":"task.stdout"}
{"timestamp":"2025-11-07T17:33:50.027326Z","level":"info","event":"Failure caused by 'DockerClient' object has no attribute 'compose'","logger":"task.stdout"}
