{"timestamp":"2025-11-09T08:37:22.533917Z","level":"info","event":"DAG bundles loaded: dags-folder, example_dags","logger":"airflow.dag_processing.bundles.manager.DagBundlesManager","filename":"manager.py","lineno":179}
{"timestamp":"2025-11-09T08:37:22.537941Z","level":"info","event":"Filling up the DagBag from /opt/airflow/dags/my_article_pipeline.py","logger":"airflow.models.dagbag.DagBag","filename":"dagbag.py","lineno":593}
{"timestamp":"2025-11-09T08:37:22.774475Z","level":"info","event":"Task instance is in running state","logger":"task.stdout"}
{"timestamp":"2025-11-09T08:37:22.777617Z","level":"info","event":" Previous state of the Task instance: TaskInstanceState.QUEUED","logger":"task.stdout"}
{"timestamp":"2025-11-09T08:37:22.778272Z","level":"info","event":"Current task name:run_docker_compose_etl","logger":"task.stdout"}
{"timestamp":"2025-11-09T08:37:22.778937Z","level":"info","event":"Dag name:my_article_pipeline","logger":"task.stdout"}
{"timestamp":"2025-11-09T08:37:22.782518Z","level":"info","event":"Tmp dir root location: /tmp","logger":"airflow.task.hooks.airflow.providers.standard.hooks.subprocess.SubprocessHook","filename":"subprocess.py","lineno":78}
{"timestamp":"2025-11-09T08:37:22.785484Z","level":"info","event":"Running command: ['/usr/bin/bash', '-c', 'docker compose up -d --build && docker compose ps']","logger":"airflow.task.hooks.airflow.providers.standard.hooks.subprocess.SubprocessHook","filename":"subprocess.py","lineno":88}
{"timestamp":"2025-11-09T08:37:22.821160Z","level":"info","event":"Output:","logger":"airflow.task.hooks.airflow.providers.standard.hooks.subprocess.SubprocessHook","filename":"subprocess.py","lineno":99}
{"timestamp":"2025-11-09T08:37:23.446265Z","level":"info","event":"time=\"2025-11-09T08:37:23Z\" level=warning msg=\"Docker Compose is configured to build using Bake, but buildx isn't installed\"","logger":"airflow.task.hooks.airflow.providers.standard.hooks.subprocess.SubprocessHook","filename":"subprocess.py","lineno":106}
{"timestamp":"2025-11-09T08:37:24.436106Z","level":"info","event":"#0 building with \"default\" instance using docker driver","logger":"airflow.task.hooks.airflow.providers.standard.hooks.subprocess.SubprocessHook","filename":"subprocess.py","lineno":106}
{"timestamp":"2025-11-09T08:37:24.437798Z","level":"info","event":"","logger":"airflow.task.hooks.airflow.providers.standard.hooks.subprocess.SubprocessHook","filename":"subprocess.py","lineno":106}
{"timestamp":"2025-11-09T08:37:24.437940Z","level":"info","event":"#1 [app internal] load build definition from Dockerfile","logger":"airflow.task.hooks.airflow.providers.standard.hooks.subprocess.SubprocessHook","filename":"subprocess.py","lineno":106}
{"timestamp":"2025-11-09T08:37:24.438246Z","level":"info","event":"#1 transferring dockerfile: 439B 0.0s done","logger":"airflow.task.hooks.airflow.providers.standard.hooks.subprocess.SubprocessHook","filename":"subprocess.py","lineno":106}
{"timestamp":"2025-11-09T08:37:24.438379Z","level":"info","event":"#1 DONE 0.0s","logger":"airflow.task.hooks.airflow.providers.standard.hooks.subprocess.SubprocessHook","filename":"subprocess.py","lineno":106}
{"timestamp":"2025-11-09T08:37:24.438502Z","level":"info","event":"","logger":"airflow.task.hooks.airflow.providers.standard.hooks.subprocess.SubprocessHook","filename":"subprocess.py","lineno":106}
{"timestamp":"2025-11-09T08:37:24.438601Z","level":"info","event":"#2 [app internal] load metadata for docker.io/library/python:3.11-slim","logger":"airflow.task.hooks.airflow.providers.standard.hooks.subprocess.SubprocessHook","filename":"subprocess.py","lineno":106}
{"timestamp":"2025-11-09T08:37:25.500962Z","level":"info","event":"#2 DONE 1.2s","logger":"airflow.task.hooks.airflow.providers.standard.hooks.subprocess.SubprocessHook","filename":"subprocess.py","lineno":106}
{"timestamp":"2025-11-09T08:37:25.622411Z","level":"info","event":"","logger":"airflow.task.hooks.airflow.providers.standard.hooks.subprocess.SubprocessHook","filename":"subprocess.py","lineno":106}
{"timestamp":"2025-11-09T08:37:25.622658Z","level":"info","event":"#3 [app internal] load .dockerignore","logger":"airflow.task.hooks.airflow.providers.standard.hooks.subprocess.SubprocessHook","filename":"subprocess.py","lineno":106}
{"timestamp":"2025-11-09T08:37:25.622751Z","level":"info","event":"#3 transferring context: 2B done","logger":"airflow.task.hooks.airflow.providers.standard.hooks.subprocess.SubprocessHook","filename":"subprocess.py","lineno":106}
{"timestamp":"2025-11-09T08:37:25.622838Z","level":"info","event":"#3 DONE 0.0s","logger":"airflow.task.hooks.airflow.providers.standard.hooks.subprocess.SubprocessHook","filename":"subprocess.py","lineno":106}
{"timestamp":"2025-11-09T08:37:25.622912Z","level":"info","event":"","logger":"airflow.task.hooks.airflow.providers.standard.hooks.subprocess.SubprocessHook","filename":"subprocess.py","lineno":106}
{"timestamp":"2025-11-09T08:37:25.622958Z","level":"info","event":"#4 [app internal] load build context","logger":"airflow.task.hooks.airflow.providers.standard.hooks.subprocess.SubprocessHook","filename":"subprocess.py","lineno":106}
{"timestamp":"2025-11-09T08:37:25.623003Z","level":"info","event":"#4 transferring context: 65B 0.0s done","logger":"airflow.task.hooks.airflow.providers.standard.hooks.subprocess.SubprocessHook","filename":"subprocess.py","lineno":106}
{"timestamp":"2025-11-09T08:37:25.623046Z","level":"info","event":"#4 DONE 0.0s","logger":"airflow.task.hooks.airflow.providers.standard.hooks.subprocess.SubprocessHook","filename":"subprocess.py","lineno":106}
{"timestamp":"2025-11-09T08:37:25.623112Z","level":"info","event":"","logger":"airflow.task.hooks.airflow.providers.standard.hooks.subprocess.SubprocessHook","filename":"subprocess.py","lineno":106}
{"timestamp":"2025-11-09T08:37:25.623214Z","level":"info","event":"#5 [app 1/5] FROM docker.io/library/python:3.11-slim@sha256:e4676722fba839e2e5cdb844a52262b43e90e56dbd55b7ad953ee3615ad7534f","logger":"airflow.task.hooks.airflow.providers.standard.hooks.subprocess.SubprocessHook","filename":"subprocess.py","lineno":106}
{"timestamp":"2025-11-09T08:37:25.623479Z","level":"info","event":"#5 resolve docker.io/library/python:3.11-slim@sha256:e4676722fba839e2e5cdb844a52262b43e90e56dbd55b7ad953ee3615ad7534f 0.0s done","logger":"airflow.task.hooks.airflow.providers.standard.hooks.subprocess.SubprocessHook","filename":"subprocess.py","lineno":106}
{"timestamp":"2025-11-09T08:37:25.623787Z","level":"info","event":"#5 DONE 0.0s","logger":"airflow.task.hooks.airflow.providers.standard.hooks.subprocess.SubprocessHook","filename":"subprocess.py","lineno":106}
{"timestamp":"2025-11-09T08:37:25.623875Z","level":"info","event":"","logger":"airflow.task.hooks.airflow.providers.standard.hooks.subprocess.SubprocessHook","filename":"subprocess.py","lineno":106}
{"timestamp":"2025-11-09T08:37:25.624035Z","level":"info","event":"#6 [app 2/5] WORKDIR /app","logger":"airflow.task.hooks.airflow.providers.standard.hooks.subprocess.SubprocessHook","filename":"subprocess.py","lineno":106}
{"timestamp":"2025-11-09T08:37:25.624100Z","level":"info","event":"#6 CACHED","logger":"airflow.task.hooks.airflow.providers.standard.hooks.subprocess.SubprocessHook","filename":"subprocess.py","lineno":106}
{"timestamp":"2025-11-09T08:37:25.624150Z","level":"info","event":"","logger":"airflow.task.hooks.airflow.providers.standard.hooks.subprocess.SubprocessHook","filename":"subprocess.py","lineno":106}
{"timestamp":"2025-11-09T08:37:25.624309Z","level":"info","event":"#7 [app 3/5] COPY requirements.txt .","logger":"airflow.task.hooks.airflow.providers.standard.hooks.subprocess.SubprocessHook","filename":"subprocess.py","lineno":106}
{"timestamp":"2025-11-09T08:37:25.624453Z","level":"info","event":"#7 CACHED","logger":"airflow.task.hooks.airflow.providers.standard.hooks.subprocess.SubprocessHook","filename":"subprocess.py","lineno":106}
{"timestamp":"2025-11-09T08:37:25.624539Z","level":"info","event":"","logger":"airflow.task.hooks.airflow.providers.standard.hooks.subprocess.SubprocessHook","filename":"subprocess.py","lineno":106}
{"timestamp":"2025-11-09T08:37:25.624591Z","level":"info","event":"#8 [app 4/5] RUN pip install -r requirements.txt","logger":"airflow.task.hooks.airflow.providers.standard.hooks.subprocess.SubprocessHook","filename":"subprocess.py","lineno":106}
{"timestamp":"2025-11-09T08:37:25.624667Z","level":"info","event":"#8 CACHED","logger":"airflow.task.hooks.airflow.providers.standard.hooks.subprocess.SubprocessHook","filename":"subprocess.py","lineno":106}
{"timestamp":"2025-11-09T08:37:25.624730Z","level":"info","event":"","logger":"airflow.task.hooks.airflow.providers.standard.hooks.subprocess.SubprocessHook","filename":"subprocess.py","lineno":106}
{"timestamp":"2025-11-09T08:37:25.624771Z","level":"info","event":"#9 [app 5/5] COPY main.py .","logger":"airflow.task.hooks.airflow.providers.standard.hooks.subprocess.SubprocessHook","filename":"subprocess.py","lineno":106}
{"timestamp":"2025-11-09T08:37:25.624811Z","level":"info","event":"#9 CACHED","logger":"airflow.task.hooks.airflow.providers.standard.hooks.subprocess.SubprocessHook","filename":"subprocess.py","lineno":106}
{"timestamp":"2025-11-09T08:37:25.624878Z","level":"info","event":"","logger":"airflow.task.hooks.airflow.providers.standard.hooks.subprocess.SubprocessHook","filename":"subprocess.py","lineno":106}
{"timestamp":"2025-11-09T08:37:25.624934Z","level":"info","event":"#10 [app] exporting to image","logger":"airflow.task.hooks.airflow.providers.standard.hooks.subprocess.SubprocessHook","filename":"subprocess.py","lineno":106}
{"timestamp":"2025-11-09T08:37:25.624975Z","level":"info","event":"#10 exporting layers done","logger":"airflow.task.hooks.airflow.providers.standard.hooks.subprocess.SubprocessHook","filename":"subprocess.py","lineno":106}
{"timestamp":"2025-11-09T08:37:25.625015Z","level":"info","event":"#10 exporting manifest sha256:9d43d63a28cb99372b3e13f195c0a670264d97498ced3b9de272d1566f85c512 done","logger":"airflow.task.hooks.airflow.providers.standard.hooks.subprocess.SubprocessHook","filename":"subprocess.py","lineno":106}
{"timestamp":"2025-11-09T08:37:25.625062Z","level":"info","event":"#10 exporting config sha256:b266f1749145a06b9ddc9c24e78eb460c40b2d260c566d7480f20acebe5e7aca done","logger":"airflow.task.hooks.airflow.providers.standard.hooks.subprocess.SubprocessHook","filename":"subprocess.py","lineno":106}
{"timestamp":"2025-11-09T08:37:25.625111Z","level":"info","event":"#10 exporting attestation manifest sha256:8b3ea4d0dab10f4d9796b87a93e8a17763e9f723434310161184453cfd71a302 0.0s done","logger":"airflow.task.hooks.airflow.providers.standard.hooks.subprocess.SubprocessHook","filename":"subprocess.py","lineno":106}
{"timestamp":"2025-11-09T08:37:25.625158Z","level":"info","event":"#10 exporting manifest list sha256:8fff9a8eaa20fb4c8cc1e0f1a80446e2c0a507aa80ea0abbd8a59395de4788fa","logger":"airflow.task.hooks.airflow.providers.standard.hooks.subprocess.SubprocessHook","filename":"subprocess.py","lineno":106}
{"timestamp":"2025-11-09T08:37:25.870538Z","level":"info","event":"#10 exporting manifest list sha256:8fff9a8eaa20fb4c8cc1e0f1a80446e2c0a507aa80ea0abbd8a59395de4788fa 0.0s done","logger":"airflow.task.hooks.airflow.providers.standard.hooks.subprocess.SubprocessHook","filename":"subprocess.py","lineno":106}
{"timestamp":"2025-11-09T08:37:25.871237Z","level":"info","event":"#10 naming to docker.io/library/my_job_pipeline-app:latest done","logger":"airflow.task.hooks.airflow.providers.standard.hooks.subprocess.SubprocessHook","filename":"subprocess.py","lineno":106}
{"timestamp":"2025-11-09T08:37:25.871350Z","level":"info","event":"#10 unpacking to docker.io/library/my_job_pipeline-app:latest 0.0s done","logger":"airflow.task.hooks.airflow.providers.standard.hooks.subprocess.SubprocessHook","filename":"subprocess.py","lineno":106}
{"timestamp":"2025-11-09T08:37:25.871404Z","level":"info","event":"#10 DONE 0.1s","logger":"airflow.task.hooks.airflow.providers.standard.hooks.subprocess.SubprocessHook","filename":"subprocess.py","lineno":106}
{"timestamp":"2025-11-09T08:37:25.958546Z","level":"info","event":"","logger":"airflow.task.hooks.airflow.providers.standard.hooks.subprocess.SubprocessHook","filename":"subprocess.py","lineno":106}
{"timestamp":"2025-11-09T08:37:25.958894Z","level":"info","event":"#11 [app] resolving provenance for metadata file","logger":"airflow.task.hooks.airflow.providers.standard.hooks.subprocess.SubprocessHook","filename":"subprocess.py","lineno":106}
{"timestamp":"2025-11-09T08:37:25.984444Z","level":"info","event":"#11 DONE 0.0s","logger":"airflow.task.hooks.airflow.providers.standard.hooks.subprocess.SubprocessHook","filename":"subprocess.py","lineno":106}
{"timestamp":"2025-11-09T08:37:25.984771Z","level":"info","event":" app  Built","logger":"airflow.task.hooks.airflow.providers.standard.hooks.subprocess.SubprocessHook","filename":"subprocess.py","lineno":106}
{"timestamp":"2025-11-09T08:37:26.064462Z","level":"info","event":" Container my-postgres-db-compose  Running","logger":"airflow.task.hooks.airflow.providers.standard.hooks.subprocess.SubprocessHook","filename":"subprocess.py","lineno":106}
{"timestamp":"2025-11-09T08:37:26.064851Z","level":"info","event":" Container my-python-app-compose  Recreate","logger":"airflow.task.hooks.airflow.providers.standard.hooks.subprocess.SubprocessHook","filename":"subprocess.py","lineno":106}
{"timestamp":"2025-11-09T08:37:26.501753Z","level":"info","event":" Container my-python-app-compose  Recreated","logger":"airflow.task.hooks.airflow.providers.standard.hooks.subprocess.SubprocessHook","filename":"subprocess.py","lineno":106}
{"timestamp":"2025-11-09T08:37:26.797595Z","level":"info","event":" Container my-postgres-db-compose  Waiting","logger":"airflow.task.hooks.airflow.providers.standard.hooks.subprocess.SubprocessHook","filename":"subprocess.py","lineno":106}
{"timestamp":"2025-11-09T08:37:27.335886Z","level":"info","event":" Container my-postgres-db-compose  Healthy","logger":"airflow.task.hooks.airflow.providers.standard.hooks.subprocess.SubprocessHook","filename":"subprocess.py","lineno":106}
{"timestamp":"2025-11-09T08:37:27.336409Z","level":"info","event":" Container my-python-app-compose  Starting","logger":"airflow.task.hooks.airflow.providers.standard.hooks.subprocess.SubprocessHook","filename":"subprocess.py","lineno":106}
{"timestamp":"2025-11-09T08:37:27.844755Z","level":"info","event":" Container my-python-app-compose  Started","logger":"airflow.task.hooks.airflow.providers.standard.hooks.subprocess.SubprocessHook","filename":"subprocess.py","lineno":106}
{"timestamp":"2025-11-09T08:37:28.747185Z","level":"info","event":"NAME                     IMAGE                 COMMAND                  SERVICE   CREATED         STATUS                  PORTS","logger":"airflow.task.hooks.airflow.providers.standard.hooks.subprocess.SubprocessHook","filename":"subprocess.py","lineno":106}
{"timestamp":"2025-11-09T08:37:28.747750Z","level":"info","event":"my-postgres-db-compose   postgres:latest       \"docker-entrypoint.s…\"   db        38 hours ago    Up 38 hours (healthy)   0.0.0.0:5432->5432/tcp, [::]:5432->5432/tcp","logger":"airflow.task.hooks.airflow.providers.standard.hooks.subprocess.SubprocessHook","filename":"subprocess.py","lineno":106}
{"timestamp":"2025-11-09T08:37:28.747853Z","level":"info","event":"my-python-app-compose    my_job_pipeline-app   \"python3 main.py\"        app       2 seconds ago   Up 1 second","logger":"airflow.task.hooks.airflow.providers.standard.hooks.subprocess.SubprocessHook","filename":"subprocess.py","lineno":106}
{"timestamp":"2025-11-09T08:37:28.767665Z","level":"info","event":"Command exited with return code 0","logger":"airflow.task.hooks.airflow.providers.standard.hooks.subprocess.SubprocessHook","filename":"subprocess.py","lineno":110}
{"timestamp":"2025-11-09T08:37:28.771538Z","level":"info","event":"Pushing xcom","ti":"RuntimeTaskInstance(id=UUID('019a67c3-3927-7459-b579-72cef6b1cbf2'), task_id='run_docker_compose_etl', dag_id='my_article_pipeline', run_id='scheduled__2025-11-09T08:00:00+00:00', try_number=1, dag_version_id=UUID('019a6610-a4ef-7057-a8ff-503099e54da9'), map_index=-1, hostname='97ce3f40a083', context_carrier={}, task=<Task(BashOperator): run_docker_compose_etl>, bundle_instance=LocalDagBundle(name=dags-folder), max_tries=2, start_date=datetime.datetime(2025, 11, 9, 8, 37, 20, 579110, tzinfo=datetime.timezone.utc), end_date=None, state=<TaskInstanceState.RUNNING: 'running'>, is_mapped=False, rendered_map_index=None)","logger":"task","filename":"task_runner.py","lineno":1352}
{"timestamp":"2025-11-09T08:37:28.907883Z","level":"info","event":"Task instance in success state","logger":"task.stdout"}
{"timestamp":"2025-11-09T08:37:28.912348Z","level":"info","event":" Previous state of the Task instance: TaskInstanceState.RUNNING","logger":"task.stdout"}
{"timestamp":"2025-11-09T08:37:28.913890Z","level":"info","event":"Task operator:<Task(BashOperator): run_docker_compose_etl>","logger":"task.stdout"}
